<?xml version="1.0" encoding="UTF-8"?>
<testsuite xmlns:xsi="http://www.w3.org/2001/XMLSchema-instance" xsi:noNamespaceSchemaLocation="https://maven.apache.org/surefire/maven-surefire-plugin/xsd/surefire-test-report-3.0.xsd" version="3.0" name="com.mx.banorte.services.JuntiTestUsuario" time="6.651" tests="3" errors="0" skipped="0" failures="0">
  <properties>
    <property name="java.specification.version" value="17"/>
    <property name="sun.jnu.encoding" value="UTF-8"/>
    <property name="test.url" value="http://localhost:8081"/>
    <property name="java.class.path" value="/home/gerald/Desktop/Arquetypes/baseservice-rest-databese-crud/target/test-classes:/home/gerald/Desktop/Arquetypes/baseservice-rest-databese-crud/target/classes:/home/gerald/.m2/repository/org/apache/camel/quarkus/camel-quarkus-log/2.13.2.redhat-00004/camel-quarkus-log-2.13.2.redhat-00004.jar:/home/gerald/.m2/repository/org/apache/camel/quarkus/camel-quarkus-core/2.13.2.redhat-00004/camel-quarkus-core-2.13.2.redhat-00004.jar:/home/gerald/.m2/repository/io/quarkus/quarkus-development-mode-spi/2.13.7.Final-redhat-00003/quarkus-development-mode-spi-2.13.7.Final-redhat-00003.jar:/home/gerald/.m2/repository/org/apache/camel/camel-base/3.18.3.redhat-00024/camel-base-3.18.3.redhat-00024.jar:/home/gerald/.m2/repository/org/apache/camel/camel-api/3.18.3.redhat-00024/camel-api-3.18.3.redhat-00024.jar:/home/gerald/.m2/repository/org/apache/camel/camel-management-api/3.18.3.redhat-00024/camel-management-api-3.18.3.redhat-00024.jar:/home/gerald/.m2/repository/org/apache/camel/camel-util/3.18.3.redhat-00024/camel-util-3.18.3.redhat-00024.jar:/home/gerald/.m2/repository/org/apache/camel/camel-componentdsl/3.18.3.redhat-00024/camel-componentdsl-3.18.3.redhat-00024.jar:/home/gerald/.m2/repository/org/apache/camel/camel-core-catalog/3.18.3.redhat-00024/camel-core-catalog-3.18.3.redhat-00024.jar:/home/gerald/.m2/repository/org/apache/camel/camel-core-engine/3.18.3.redhat-00024/camel-core-engine-3.18.3.redhat-00024.jar:/home/gerald/.m2/repository/org/apache/camel/camel-base-engine/3.18.3.redhat-00024/camel-base-engine-3.18.3.redhat-00024.jar:/home/gerald/.m2/repository/org/apache/camel/camel-core-reifier/3.18.3.redhat-00024/camel-core-reifier-3.18.3.redhat-00024.jar:/home/gerald/.m2/repository/org/apache/camel/camel-core-languages/3.18.3.redhat-00024/camel-core-languages-3.18.3.redhat-00024.jar:/home/gerald/.m2/repository/org/apache/camel/camel-core-model/3.18.3.redhat-00024/camel-core-model-3.18.3.redhat-00024.jar:/home/gerald/.m2/repository/org/apache/camel/camel-core-processor/3.18.3.redhat-00024/camel-core-processor-3.18.3.redhat-00024.jar:/home/gerald/.m2/repository/org/apache/camel/camel-endpointdsl/3.18.3.redhat-00024/camel-endpointdsl-3.18.3.redhat-00024.jar:/home/gerald/.m2/repository/org/apache/camel/camel-main/3.18.3.redhat-00024/camel-main-3.18.3.redhat-00024.jar:/home/gerald/.m2/repository/org/apache/camel/camel-microprofile-config/3.18.3.redhat-00024/camel-microprofile-config-3.18.3.redhat-00024.jar:/home/gerald/.m2/repository/org/eclipse/microprofile/config/microprofile-config-api/2.0.1.redhat-00001/microprofile-config-api-2.0.1.redhat-00001.jar:/home/gerald/.m2/repository/org/apache/camel/camel-log/3.18.3.redhat-00024/camel-log-3.18.3.redhat-00024.jar:/home/gerald/.m2/repository/org/apache/camel/camel-support/3.18.3.redhat-00024/camel-support-3.18.3.redhat-00024.jar:/home/gerald/.m2/repository/io/quarkus/quarkus-hibernate-orm/2.13.7.Final-redhat-00003/quarkus-hibernate-orm-2.13.7.Final-redhat-00003.jar:/home/gerald/.m2/repository/io/quarkus/quarkus-core/2.13.7.Final-redhat-00003/quarkus-core-2.13.7.Final-redhat-00003.jar:/home/gerald/.m2/repository/jakarta/annotation/jakarta.annotation-api/1.3.5.redhat-00003/jakarta.annotation-api-1.3.5.redhat-00003.jar:/home/gerald/.m2/repository/jakarta/enterprise/jakarta.enterprise.cdi-api/2.0.2.redhat-00004/jakarta.enterprise.cdi-api-2.0.2.redhat-00004.jar:/home/gerald/.m2/repository/jakarta/el/jakarta.el-api/3.0.3.redhat-00002/jakarta.el-api-3.0.3.redhat-00002.jar:/home/gerald/.m2/repository/jakarta/interceptor/jakarta.interceptor-api/1.2.5.redhat-00002/jakarta.interceptor-api-1.2.5.redhat-00002.jar:/home/gerald/.m2/repository/jakarta/inject/jakarta.inject-api/1.0.0.redhat-00002/jakarta.inject-api-1.0.0.redhat-00002.jar:/home/gerald/.m2/repository/io/quarkus/quarkus-ide-launcher/2.13.7.Final-redhat-00003/quarkus-ide-launcher-2.13.7.Final-redhat-00003.jar:/home/gerald/.m2/repository/io/smallrye/config/smallrye-config/2.12.3.redhat-00001/smallrye-config-2.12.3.redhat-00001.jar:/home/gerald/.m2/repository/io/smallrye/config/smallrye-config-core/2.12.3.redhat-00001/smallrye-config-core-2.12.3.redhat-00001.jar:/home/gerald/.m2/repository/io/smallrye/common/smallrye-common-annotation/1.13.1.redhat-00001/smallrye-common-annotation-1.13.1.redhat-00001.jar:/home/gerald/.m2/repository/io/smallrye/common/smallrye-common-expression/1.13.1.redhat-00001/smallrye-common-expression-1.13.1.redhat-00001.jar:/home/gerald/.m2/repository/io/smallrye/common/smallrye-common-function/1.13.1.redhat-00001/smallrye-common-function-1.13.1.redhat-00001.jar:/home/gerald/.m2/repository/io/smallrye/common/smallrye-common-constraint/1.13.1.redhat-00001/smallrye-common-constraint-1.13.1.redhat-00001.jar:/home/gerald/.m2/repository/io/smallrye/common/smallrye-common-classloader/1.13.1.redhat-00001/smallrye-common-classloader-1.13.1.redhat-00001.jar:/home/gerald/.m2/repository/io/smallrye/config/smallrye-config-common/2.12.3.redhat-00001/smallrye-config-common-2.12.3.redhat-00001.jar:/home/gerald/.m2/repository/org/jboss/logging/jboss-logging/3.5.0.Final-redhat-00002/jboss-logging-3.5.0.Final-redhat-00002.jar:/home/gerald/.m2/repository/org/jboss/logging/jboss-logging-annotations/2.2.1.Final-redhat-00001/jboss-logging-annotations-2.2.1.Final-redhat-00001.jar:/home/gerald/.m2/repository/org/jboss/threads/jboss-threads/3.4.3.Final-redhat-00001/jboss-threads-3.4.3.Final-redhat-00001.jar:/home/gerald/.m2/repository/org/slf4j/slf4j-api/1.7.36.redhat-00002/slf4j-api-1.7.36.redhat-00002.jar:/home/gerald/.m2/repository/org/jboss/slf4j/slf4j-jboss-logmanager/1.2.0.Final-redhat-00001/slf4j-jboss-logmanager-1.2.0.Final-redhat-00001.jar:/home/gerald/.m2/repository/org/graalvm/sdk/graal-sdk/22.3.1.0-1-redhat-00001/graal-sdk-22.3.1.0-1-redhat-00001.jar:/home/gerald/.m2/repository/org/wildfly/common/wildfly-common/1.5.4.Final-format-001-redhat-00001/wildfly-common-1.5.4.Final-format-001-redhat-00001.jar:/home/gerald/.m2/repository/io/quarkus/quarkus-bootstrap-runner/2.13.7.Final-redhat-00003/quarkus-bootstrap-runner-2.13.7.Final-redhat-00003.jar:/home/gerald/.m2/repository/io/github/crac/org-crac/0.1.1/org-crac-0.1.1.jar:/home/gerald/.m2/repository/io/quarkus/quarkus-fs-util/0.0.9.redhat-00002/quarkus-fs-util-0.0.9.redhat-00002.jar:/home/gerald/.m2/repository/io/quarkus/quarkus-narayana-jta/2.13.7.Final-redhat-00003/quarkus-narayana-jta-2.13.7.Final-redhat-00003.jar:/home/gerald/.m2/repository/io/quarkus/quarkus-transaction-annotations/2.13.7.Final-redhat-00003/quarkus-transaction-annotations-2.13.7.Final-redhat-00003.jar:/home/gerald/.m2/repository/io/quarkus/quarkus-mutiny/2.13.7.Final-redhat-00003/quarkus-mutiny-2.13.7.Final-redhat-00003.jar:/home/gerald/.m2/repository/io/smallrye/reactive/mutiny/1.7.0.redhat-00001/mutiny-1.7.0.redhat-00001.jar:/home/gerald/.m2/repository/io/quarkus/quarkus-smallrye-context-propagation/2.13.7.Final-redhat-00003/quarkus-smallrye-context-propagation-2.13.7.Final-redhat-00003.jar:/home/gerald/.m2/repository/io/smallrye/smallrye-context-propagation/1.2.2.redhat-00001/smallrye-context-propagation-1.2.2.redhat-00001.jar:/home/gerald/.m2/repository/io/smallrye/smallrye-context-propagation-api/1.2.2.redhat-00001/smallrye-context-propagation-api-1.2.2.redhat-00001.jar:/home/gerald/.m2/repository/io/smallrye/smallrye-context-propagation-storage/1.2.2.redhat-00001/smallrye-context-propagation-storage-1.2.2.redhat-00001.jar:/home/gerald/.m2/repository/io/smallrye/reactive/mutiny-smallrye-context-propagation/1.7.0.redhat-00001/mutiny-smallrye-context-propagation-1.7.0.redhat-00001.jar:/home/gerald/.m2/repository/io/smallrye/smallrye-context-propagation-jta/1.2.2.redhat-00001/smallrye-context-propagation-jta-1.2.2.redhat-00001.jar:/home/gerald/.m2/repository/io/smallrye/reactive/smallrye-reactive-converter-api/2.7.0.redhat-00001/smallrye-reactive-converter-api-2.7.0.redhat-00001.jar:/home/gerald/.m2/repository/org/reactivestreams/reactive-streams/1.0.3.redhat-00003/reactive-streams-1.0.3.redhat-00003.jar:/home/gerald/.m2/repository/io/smallrye/reactive/smallrye-reactive-converter-mutiny/2.7.0.redhat-00001/smallrye-reactive-converter-mutiny-2.7.0.redhat-00001.jar:/home/gerald/.m2/repository/org/jboss/narayana/jta/narayana-jta/5.13.1.Final-redhat-00001/narayana-jta-5.13.1.Final-redhat-00001.jar:/home/gerald/.m2/repository/org/jboss/spec/javax/resource/jboss-connector-api_1.7_spec/1.0.0.Final/jboss-connector-api_1.7_spec-1.0.0.Final.jar:/home/gerald/.m2/repository/org/jboss/narayana/jts/narayana-jts-integration/5.13.1.Final-redhat-00001/narayana-jts-integration-5.13.1.Final-redhat-00001.jar:/home/gerald/.m2/repository/org/hibernate/hibernate-core/5.6.14.Final-redhat-00001/hibernate-core-5.6.14.Final-redhat-00001.jar:/home/gerald/.m2/repository/net/bytebuddy/byte-buddy/1.12.18.redhat-00002/byte-buddy-1.12.18.redhat-00002.jar:/home/gerald/.m2/repository/antlr/antlr/2.7.7.redhat-7/antlr-2.7.7.redhat-7.jar:/home/gerald/.m2/repository/com/fasterxml/classmate/1.5.1.redhat-00001/classmate-1.5.1.redhat-00001.jar:/home/gerald/.m2/repository/org/hibernate/common/hibernate-commons-annotations/5.1.2.Final-redhat-00005/hibernate-commons-annotations-5.1.2.Final-redhat-00005.jar:/home/gerald/.m2/repository/org/hibernate/hibernate-graalvm/5.6.14.Final-redhat-00001/hibernate-graalvm-5.6.14.Final-redhat-00001.jar:/home/gerald/.m2/repository/org/glassfish/jaxb/jaxb-runtime/2.3.3.b02-redhat-00001/jaxb-runtime-2.3.3.b02-redhat-00001.jar:/home/gerald/.m2/repository/org/glassfish/jaxb/txw2/2.3.3.b02-redhat-00001/txw2-2.3.3.b02-redhat-00001.jar:/home/gerald/.m2/repository/com/sun/istack/istack-commons-runtime/3.0.10.redhat-00001/istack-commons-runtime-3.0.10.redhat-00001.jar:/home/gerald/.m2/repository/org/jboss/spec/javax/xml/bind/jboss-jaxb-api_2.3_spec/2.0.0.Final-redhat-00001/jboss-jaxb-api_2.3_spec-2.0.0.Final-redhat-00001.jar:/home/gerald/.m2/repository/jakarta/persistence/jakarta.persistence-api/2.2.3.redhat-00001/jakarta.persistence-api-2.2.3.redhat-00001.jar:/home/gerald/.m2/repository/jakarta/transaction/jakarta.transaction-api/1.3.3.redhat-00002/jakarta.transaction-api-1.3.3.redhat-00002.jar:/home/gerald/.m2/repository/org/hibernate/quarkus-local-cache/0.1.1.redhat-00002/quarkus-local-cache-0.1.1.redhat-00002.jar:/home/gerald/.m2/repository/io/quarkus/quarkus-caffeine/2.13.7.Final-redhat-00003/quarkus-caffeine-2.13.7.Final-redhat-00003.jar:/home/gerald/.m2/repository/com/github/ben-manes/caffeine/caffeine/2.9.3.redhat-00001/caffeine-2.9.3.redhat-00001.jar:/home/gerald/.m2/repository/com/google/errorprone/error_prone_annotations/2.15.0.redhat-00001/error_prone_annotations-2.15.0.redhat-00001.jar:/home/gerald/.m2/repository/io/quarkus/quarkus-jdbc-h2/2.13.7.Final/quarkus-jdbc-h2-2.13.7.Final.jar:/home/gerald/.m2/repository/io/quarkus/quarkus-arc/2.13.7.Final-redhat-00003/quarkus-arc-2.13.7.Final-redhat-00003.jar:/home/gerald/.m2/repository/io/quarkus/arc/arc/2.13.7.Final-redhat-00003/arc-2.13.7.Final-redhat-00003.jar:/home/gerald/.m2/repository/org/eclipse/microprofile/context-propagation/microprofile-context-propagation-api/1.2.0.redhat-00010/microprofile-context-propagation-api-1.2.0.redhat-00010.jar:/home/gerald/.m2/repository/com/h2database/h2/2.1.214/h2-2.1.214.jar:/home/gerald/.m2/repository/org/locationtech/jts/jts-core/1.17.0/jts-core-1.17.0.jar:/home/gerald/.m2/repository/org/apache/camel/quarkus/camel-quarkus-jpa/2.13.2.redhat-00004/camel-quarkus-jpa-2.13.2.redhat-00004.jar:/home/gerald/.m2/repository/org/apache/camel/quarkus/camel-quarkus-support-spring/2.13.2.redhat-00004/camel-quarkus-support-spring-2.13.2.redhat-00004.jar:/home/gerald/.m2/repository/org/apache/camel/quarkus/camel-quarkus-support-commons-logging/2.13.2.redhat-00004/camel-quarkus-support-commons-logging-2.13.2.redhat-00004.jar:/home/gerald/.m2/repository/org/apache/camel/quarkus/camel-quarkus-support-spring-beans/2.13.2.redhat-00004/camel-quarkus-support-spring-beans-2.13.2.redhat-00004.jar:/home/gerald/.m2/repository/org/apache/camel/quarkus/camel-quarkus-support-spring-context/2.13.2.redhat-00004/camel-quarkus-support-spring-context-2.13.2.redhat-00004.jar:/home/gerald/.m2/repository/org/apache/camel/quarkus/camel-quarkus-support-spring-core/2.13.2.redhat-00004/camel-quarkus-support-spring-core-2.13.2.redhat-00004.jar:/home/gerald/.m2/repository/org/apache/camel/camel-jpa/3.18.3.redhat-00024/camel-jpa-3.18.3.redhat-00024.jar:/home/gerald/.m2/repository/org/springframework/spring-orm/5.3.24/spring-orm-5.3.24.jar:/home/gerald/.m2/repository/org/springframework/spring-jdbc/5.3.24/spring-jdbc-5.3.24.jar:/home/gerald/.m2/repository/org/springframework/spring-tx/5.3.24/spring-tx-5.3.24.jar:/home/gerald/.m2/repository/org/apache/camel/quarkus/camel-quarkus-direct/2.13.2.redhat-00004/camel-quarkus-direct-2.13.2.redhat-00004.jar:/home/gerald/.m2/repository/org/apache/camel/camel-direct/3.18.3.redhat-00024/camel-direct-3.18.3.redhat-00024.jar:/home/gerald/.m2/repository/org/apache/camel/quarkus/camel-quarkus-jackson/2.13.2.redhat-00004/camel-quarkus-jackson-2.13.2.redhat-00004.jar:/home/gerald/.m2/repository/io/quarkus/quarkus-jaxp/2.13.7.Final-redhat-00003/quarkus-jaxp-2.13.7.Final-redhat-00003.jar:/home/gerald/.m2/repository/io/quarkus/quarkus-jackson/2.13.7.Final-redhat-00003/quarkus-jackson-2.13.7.Final-redhat-00003.jar:/home/gerald/.m2/repository/com/fasterxml/jackson/core/jackson-databind/2.13.4.2-redhat-00001/jackson-databind-2.13.4.2-redhat-00001.jar:/home/gerald/.m2/repository/com/fasterxml/jackson/datatype/jackson-datatype-jsr310/2.13.4.redhat-00004/jackson-datatype-jsr310-2.13.4.redhat-00004.jar:/home/gerald/.m2/repository/com/fasterxml/jackson/datatype/jackson-datatype-jdk8/2.13.4.redhat-00004/jackson-datatype-jdk8-2.13.4.redhat-00004.jar:/home/gerald/.m2/repository/com/fasterxml/jackson/module/jackson-module-parameter-names/2.13.4.redhat-00004/jackson-module-parameter-names-2.13.4.redhat-00004.jar:/home/gerald/.m2/repository/com/fasterxml/jackson/module/jackson-module-jaxb-annotations/2.13.4.redhat-00004/jackson-module-jaxb-annotations-2.13.4.redhat-00004.jar:/home/gerald/.m2/repository/com/fasterxml/jackson/core/jackson-annotations/2.13.4.redhat-00004/jackson-annotations-2.13.4.redhat-00004.jar:/home/gerald/.m2/repository/com/fasterxml/jackson/core/jackson-core/2.13.4.redhat-00004/jackson-core-2.13.4.redhat-00004.jar:/home/gerald/.m2/repository/org/apache/camel/camel-jackson/3.18.3.redhat-00024/camel-jackson-3.18.3.redhat-00024.jar:/home/gerald/.m2/repository/com/sun/activation/jakarta.activation/1.2.1.redhat-00002/jakarta.activation-1.2.1.redhat-00002.jar:/home/gerald/.m2/repository/io/quarkus/quarkus-agroal/2.13.7.Final-redhat-00003/quarkus-agroal-2.13.7.Final-redhat-00003.jar:/home/gerald/.m2/repository/io/quarkus/quarkus-datasource/2.13.7.Final-redhat-00003/quarkus-datasource-2.13.7.Final-redhat-00003.jar:/home/gerald/.m2/repository/io/quarkus/quarkus-datasource-common/2.13.7.Final-redhat-00003/quarkus-datasource-common-2.13.7.Final-redhat-00003.jar:/home/gerald/.m2/repository/io/agroal/agroal-api/1.16.0.redhat-00002/agroal-api-1.16.0.redhat-00002.jar:/home/gerald/.m2/repository/io/agroal/agroal-narayana/1.16.0.redhat-00002/agroal-narayana-1.16.0.redhat-00002.jar:/home/gerald/.m2/repository/org/jboss/jboss-transaction-spi/7.6.0.Final-redhat-1/jboss-transaction-spi-7.6.0.Final-redhat-1.jar:/home/gerald/.m2/repository/io/agroal/agroal-pool/1.16.0.redhat-00002/agroal-pool-1.16.0.redhat-00002.jar:/home/gerald/.m2/repository/io/quarkus/quarkus-credentials/2.13.7.Final-redhat-00003/quarkus-credentials-2.13.7.Final-redhat-00003.jar:/home/gerald/.m2/repository/org/apache/camel/quarkus/camel-quarkus-bean/2.13.2.redhat-00004/camel-quarkus-bean-2.13.2.redhat-00004.jar:/home/gerald/.m2/repository/org/apache/camel/camel-bean/3.18.3.redhat-00024/camel-bean-3.18.3.redhat-00024.jar:/home/gerald/.m2/repository/org/apache/camel/quarkus/camel-quarkus-jdbc/2.13.2/camel-quarkus-jdbc-2.13.2.jar:/home/gerald/.m2/repository/org/apache/camel/quarkus/camel-quarkus-support-jdbc/2.13.2.redhat-00004/camel-quarkus-support-jdbc-2.13.2.redhat-00004.jar:/home/gerald/.m2/repository/jakarta/security/jacc/jakarta.security.jacc-api/1.6.1.redhat-00002/jakarta.security.jacc-api-1.6.1.redhat-00002.jar:/home/gerald/.m2/repository/jakarta/servlet/jakarta.servlet-api/4.0.3.redhat-00002/jakarta.servlet-api-4.0.3.redhat-00002.jar:/home/gerald/.m2/repository/org/apache/camel/camel-jdbc/3.18.3/camel-jdbc-3.18.3.jar:/home/gerald/.m2/repository/io/quarkus/quarkus-jdbc-postgresql/2.13.7.Final-redhat-00003/quarkus-jdbc-postgresql-2.13.7.Final-redhat-00003.jar:/home/gerald/.m2/repository/org/postgresql/postgresql/42.5.1.redhat-00001/postgresql-42.5.1.redhat-00001.jar:/home/gerald/.m2/repository/org/apache/camel/quarkus/camel-quarkus-rest/2.13.2.redhat-00004/camel-quarkus-rest-2.13.2.redhat-00004.jar:/home/gerald/.m2/repository/org/apache/camel/quarkus/camel-quarkus-platform-http/2.13.2.redhat-00004/camel-quarkus-platform-http-2.13.2.redhat-00004.jar:/home/gerald/.m2/repository/org/apache/camel/quarkus/camel-quarkus-attachments/2.13.2.redhat-00004/camel-quarkus-attachments-2.13.2.redhat-00004.jar:/home/gerald/.m2/repository/org/apache/camel/camel-attachments/3.18.3.redhat-00024/camel-attachments-3.18.3.redhat-00024.jar:/home/gerald/.m2/repository/org/apache/camel/camel-platform-http-vertx/3.18.3.redhat-00024/camel-platform-http-vertx-3.18.3.redhat-00024.jar:/home/gerald/.m2/repository/org/apache/camel/camel-platform-http/3.18.3.redhat-00024/camel-platform-http-3.18.3.redhat-00024.jar:/home/gerald/.m2/repository/org/apache/camel/camel-console/3.18.3.redhat-00024/camel-console-3.18.3.redhat-00024.jar:/home/gerald/.m2/repository/org/apache/camel/camel-vertx-common/3.18.3.redhat-00024/camel-vertx-common-3.18.3.redhat-00024.jar:/home/gerald/.m2/repository/io/vertx/vertx-core/4.3.4.redhat-00007/vertx-core-4.3.4.redhat-00007.jar:/home/gerald/.m2/repository/io/netty/netty-common/4.1.86.Final-redhat-00001/netty-common-4.1.86.Final-redhat-00001.jar:/home/gerald/.m2/repository/io/netty/netty-buffer/4.1.86.Final-redhat-00001/netty-buffer-4.1.86.Final-redhat-00001.jar:/home/gerald/.m2/repository/io/netty/netty-transport/4.1.86.Final-redhat-00001/netty-transport-4.1.86.Final-redhat-00001.jar:/home/gerald/.m2/repository/io/netty/netty-handler/4.1.86.Final-redhat-00001/netty-handler-4.1.86.Final-redhat-00001.jar:/home/gerald/.m2/repository/io/netty/netty-transport-native-unix-common/4.1.86.Final-redhat-00001/netty-transport-native-unix-common-4.1.86.Final-redhat-00001.jar:/home/gerald/.m2/repository/io/netty/netty-handler-proxy/4.1.86.Final-redhat-00001/netty-handler-proxy-4.1.86.Final-redhat-00001.jar:/home/gerald/.m2/repository/io/netty/netty-codec-socks/4.1.86.Final-redhat-00001/netty-codec-socks-4.1.86.Final-redhat-00001.jar:/home/gerald/.m2/repository/io/netty/netty-codec-http/4.1.86.Final-redhat-00001/netty-codec-http-4.1.86.Final-redhat-00001.jar:/home/gerald/.m2/repository/io/netty/netty-codec-http2/4.1.86.Final-redhat-00001/netty-codec-http2-4.1.86.Final-redhat-00001.jar:/home/gerald/.m2/repository/io/netty/netty-resolver/4.1.86.Final-redhat-00001/netty-resolver-4.1.86.Final-redhat-00001.jar:/home/gerald/.m2/repository/io/netty/netty-resolver-dns/4.1.86.Final-redhat-00001/netty-resolver-dns-4.1.86.Final-redhat-00001.jar:/home/gerald/.m2/repository/io/netty/netty-codec-dns/4.1.86.Final-redhat-00001/netty-codec-dns-4.1.86.Final-redhat-00001.jar:/home/gerald/.m2/repository/io/vertx/vertx-web/4.3.4.redhat-00007/vertx-web-4.3.4.redhat-00007.jar:/home/gerald/.m2/repository/io/vertx/vertx-web-common/4.3.4.redhat-00007/vertx-web-common-4.3.4.redhat-00007.jar:/home/gerald/.m2/repository/io/vertx/vertx-auth-common/4.3.4.redhat-00007/vertx-auth-common-4.3.4.redhat-00007.jar:/home/gerald/.m2/repository/io/vertx/vertx-bridge-common/4.3.4.redhat-00007/vertx-bridge-common-4.3.4.redhat-00007.jar:/home/gerald/.m2/repository/io/quarkus/quarkus-vertx-http/2.13.7.Final-redhat-00003/quarkus-vertx-http-2.13.7.Final-redhat-00003.jar:/home/gerald/.m2/repository/io/quarkus/quarkus-security-runtime-spi/2.13.7.Final-redhat-00003/quarkus-security-runtime-spi-2.13.7.Final-redhat-00003.jar:/home/gerald/.m2/repository/io/smallrye/common/smallrye-common-vertx-context/1.13.1.redhat-00001/smallrye-common-vertx-context-1.13.1.redhat-00001.jar:/home/gerald/.m2/repository/io/quarkus/quarkus-vertx-http-dev-console-runtime-spi/2.13.7.Final-redhat-00003/quarkus-vertx-http-dev-console-runtime-spi-2.13.7.Final-redhat-00003.jar:/home/gerald/.m2/repository/io/quarkus/security/quarkus-security/1.1.4.Final-redhat-00001/quarkus-security-1.1.4.Final-redhat-00001.jar:/home/gerald/.m2/repository/io/quarkus/quarkus-vertx/2.13.7.Final-redhat-00003/quarkus-vertx-2.13.7.Final-redhat-00003.jar:/home/gerald/.m2/repository/io/quarkus/quarkus-netty/2.13.7.Final-redhat-00003/quarkus-netty-2.13.7.Final-redhat-00003.jar:/home/gerald/.m2/repository/io/netty/netty-codec/4.1.86.Final-redhat-00001/netty-codec-4.1.86.Final-redhat-00001.jar:/home/gerald/.m2/repository/com/aayushatharva/brotli4j/brotli4j/1.8.0.redhat-00003/brotli4j-1.8.0.redhat-00003.jar:/home/gerald/.m2/repository/com/aayushatharva/brotli4j/native-linux-x86_64/1.8.0.redhat-00003/native-linux-x86_64-1.8.0.redhat-00003.jar:/home/gerald/.m2/repository/io/netty/netty-codec-haproxy/4.1.86.Final-redhat-00001/netty-codec-haproxy-4.1.86.Final-redhat-00001.jar:/home/gerald/.m2/repository/io/quarkus/quarkus-vertx-latebound-mdc-provider/2.13.7.Final-redhat-00003/quarkus-vertx-latebound-mdc-provider-2.13.7.Final-redhat-00003.jar:/home/gerald/.m2/repository/io/smallrye/reactive/smallrye-mutiny-vertx-core/2.27.0.redhat-00001/smallrye-mutiny-vertx-core-2.27.0.redhat-00001.jar:/home/gerald/.m2/repository/io/smallrye/reactive/smallrye-mutiny-vertx-runtime/2.27.0.redhat-00001/smallrye-mutiny-vertx-runtime-2.27.0.redhat-00001.jar:/home/gerald/.m2/repository/io/smallrye/reactive/vertx-mutiny-generator/2.27.0.redhat-00001/vertx-mutiny-generator-2.27.0.redhat-00001.jar:/home/gerald/.m2/repository/io/vertx/vertx-codegen/4.3.4.redhat-00007/vertx-codegen-4.3.4.redhat-00007.jar:/home/gerald/.m2/repository/io/smallrye/smallrye-fault-tolerance-vertx/5.5.0.redhat-00002/smallrye-fault-tolerance-vertx-5.5.0.redhat-00002.jar:/home/gerald/.m2/repository/io/smallrye/reactive/smallrye-mutiny-vertx-web/2.27.0.redhat-00001/smallrye-mutiny-vertx-web-2.27.0.redhat-00001.jar:/home/gerald/.m2/repository/io/smallrye/reactive/smallrye-mutiny-vertx-web-common/2.27.0.redhat-00001/smallrye-mutiny-vertx-web-common-2.27.0.redhat-00001.jar:/home/gerald/.m2/repository/io/smallrye/reactive/smallrye-mutiny-vertx-auth-common/2.27.0.redhat-00001/smallrye-mutiny-vertx-auth-common-2.27.0.redhat-00001.jar:/home/gerald/.m2/repository/io/smallrye/reactive/smallrye-mutiny-vertx-bridge-common/2.27.0.redhat-00001/smallrye-mutiny-vertx-bridge-common-2.27.0.redhat-00001.jar:/home/gerald/.m2/repository/io/smallrye/reactive/smallrye-mutiny-vertx-uri-template/2.27.0.redhat-00001/smallrye-mutiny-vertx-uri-template-2.27.0.redhat-00001.jar:/home/gerald/.m2/repository/io/vertx/vertx-uri-template/4.3.4.redhat-00007/vertx-uri-template-4.3.4.redhat-00007.jar:/home/gerald/.m2/repository/org/apache/camel/camel-rest/3.18.3.redhat-00024/camel-rest-3.18.3.redhat-00024.jar:/home/gerald/.m2/repository/org/apache/camel/camel-tooling-model/3.18.3.redhat-00024/camel-tooling-model-3.18.3.redhat-00024.jar:/home/gerald/.m2/repository/org/apache/camel/camel-util-json/3.18.3.redhat-00024/camel-util-json-3.18.3.redhat-00024.jar:/home/gerald/.m2/repository/org/apache/camel/quarkus/camel-quarkus-mock/2.13.2.redhat-00004/camel-quarkus-mock-2.13.2.redhat-00004.jar:/home/gerald/.m2/repository/org/apache/camel/camel-mock/3.18.3.redhat-00024/camel-mock-3.18.3.redhat-00024.jar:/home/gerald/.m2/repository/io/quarkus/quarkus-logging-json/2.13.7.Final-redhat-00003/quarkus-logging-json-2.13.7.Final-redhat-00003.jar:/home/gerald/.m2/repository/io/quarkus/quarkus-jsonp/2.13.7.Final-redhat-00003/quarkus-jsonp-2.13.7.Final-redhat-00003.jar:/home/gerald/.m2/repository/org/glassfish/jakarta.json/1.1.6.redhat-00003/jakarta.json-1.1.6.redhat-00003.jar:/home/gerald/.m2/repository/org/jboss/logmanager/jboss-logmanager-embedded/1.0.10.redhat-00001/jboss-logmanager-embedded-1.0.10.redhat-00001.jar:/home/gerald/.m2/repository/org/apache/camel/quarkus/camel-quarkus-http/2.13.2.redhat-00004/camel-quarkus-http-2.13.2.redhat-00004.jar:/home/gerald/.m2/repository/org/apache/camel/quarkus/camel-quarkus-http-common/2.13.2.redhat-00004/camel-quarkus-http-common-2.13.2.redhat-00004.jar:/home/gerald/.m2/repository/org/apache/camel/quarkus/camel-quarkus-core-cloud/2.13.2.redhat-00004/camel-quarkus-core-cloud-2.13.2.redhat-00004.jar:/home/gerald/.m2/repository/org/apache/camel/camel-http-common/3.18.3.redhat-00024/camel-http-common-3.18.3.redhat-00024.jar:/home/gerald/.m2/repository/org/apache/camel/camel-http-base/3.18.3.redhat-00024/camel-http-base-3.18.3.redhat-00024.jar:/home/gerald/.m2/repository/org/apache/camel/quarkus/camel-quarkus-support-httpclient/2.13.2.redhat-00004/camel-quarkus-support-httpclient-2.13.2.redhat-00004.jar:/home/gerald/.m2/repository/io/quarkus/quarkus-apache-httpclient/2.13.7.Final-redhat-00003/quarkus-apache-httpclient-2.13.7.Final-redhat-00003.jar:/home/gerald/.m2/repository/org/apache/httpcomponents/httpclient/4.5.13.redhat-00002/httpclient-4.5.13.redhat-00002.jar:/home/gerald/.m2/repository/org/apache/httpcomponents/httpcore/4.4.15.redhat-00003/httpcore-4.4.15.redhat-00003.jar:/home/gerald/.m2/repository/commons-codec/commons-codec/1.15.0.redhat-00001/commons-codec-1.15.0.redhat-00001.jar:/home/gerald/.m2/repository/org/apache/camel/camel-http/3.18.3.redhat-00024/camel-http-3.18.3.redhat-00024.jar:/home/gerald/.m2/repository/org/apache/camel/camel-cloud/3.18.3.redhat-00024/camel-cloud-3.18.3.redhat-00024.jar:/home/gerald/.m2/repository/org/apache/camel/camel-file/3.18.3.redhat-00024/camel-file-3.18.3.redhat-00024.jar:/home/gerald/.m2/repository/org/apache/camel/camel-cluster/3.18.3.redhat-00024/camel-cluster-3.18.3.redhat-00024.jar:/home/gerald/.m2/repository/io/quarkus/quarkus-junit5/2.13.7.Final/quarkus-junit5-2.13.7.Final.jar:/home/gerald/.m2/repository/io/quarkus/quarkus-bootstrap-core/2.13.7.Final-redhat-00003/quarkus-bootstrap-core-2.13.7.Final-redhat-00003.jar:/home/gerald/.m2/repository/io/quarkus/quarkus-bootstrap-app-model/2.13.7.Final-redhat-00003/quarkus-bootstrap-app-model-2.13.7.Final-redhat-00003.jar:/home/gerald/.m2/repository/io/smallrye/common/smallrye-common-io/1.13.1.redhat-00001/smallrye-common-io-1.13.1.redhat-00001.jar:/home/gerald/.m2/repository/org/eclipse/sisu/org.eclipse.sisu.inject/0.3.5/org.eclipse.sisu.inject-0.3.5.jar:/home/gerald/.m2/repository/io/quarkus/quarkus-test-common/2.13.7.Final/quarkus-test-common-2.13.7.Final.jar:/home/gerald/.m2/repository/io/quarkus/quarkus-core-deployment/2.13.7.Final-redhat-00003/quarkus-core-deployment-2.13.7.Final-redhat-00003.jar:/home/gerald/.m2/repository/org/aesh/readline/2.2.0.redhat-00001/readline-2.2.0.redhat-00001.jar:/home/gerald/.m2/repository/org/fusesource/jansi/jansi/1.18/jansi-1.18.jar:/home/gerald/.m2/repository/org/aesh/aesh/2.6.0.redhat-00001/aesh-2.6.0.redhat-00001.jar:/home/gerald/.m2/repository/org/apache/commons/commons-lang3/3.12.0.redhat-00001/commons-lang3-3.12.0.redhat-00001.jar:/home/gerald/.m2/repository/io/quarkus/gizmo/gizmo/1.1.1.Final-redhat-00001/gizmo-1.1.1.Final-redhat-00001.jar:/home/gerald/.m2/repository/org/ow2/asm/asm-util/9.3.0.redhat-00001/asm-util-9.3.0.redhat-00001.jar:/home/gerald/.m2/repository/io/quarkus/quarkus-class-change-agent/2.13.7.Final-redhat-00003/quarkus-class-change-agent-2.13.7.Final-redhat-00003.jar:/home/gerald/.m2/repository/io/quarkus/quarkus-devtools-utilities/2.13.7.Final-redhat-00003/quarkus-devtools-utilities-2.13.7.Final-redhat-00003.jar:/home/gerald/.m2/repository/io/quarkus/quarkus-builder/2.13.7.Final-redhat-00003/quarkus-builder-2.13.7.Final-redhat-00003.jar:/home/gerald/.m2/repository/org/junit/platform/junit-platform-launcher/1.9.1/junit-platform-launcher-1.9.1.jar:/home/gerald/.m2/repository/io/quarkus/quarkus-bootstrap-maven-resolver/2.13.7.Final-redhat-00003/quarkus-bootstrap-maven-resolver-2.13.7.Final-redhat-00003.jar:/home/gerald/.m2/repository/org/apache/maven/maven-embedder/3.8.6/maven-embedder-3.8.6.jar:/home/gerald/.m2/repository/org/apache/maven/maven-settings/3.8.6/maven-settings-3.8.6.jar:/home/gerald/.m2/repository/org/apache/maven/maven-core/3.8.6/maven-core-3.8.6.jar:/home/gerald/.m2/repository/org/apache/maven/maven-artifact/3.8.6/maven-artifact-3.8.6.jar:/home/gerald/.m2/repository/org/codehaus/plexus/plexus-component-annotations/2.1.0/plexus-component-annotations-2.1.0.jar:/home/gerald/.m2/repository/org/apache/maven/maven-plugin-api/3.8.6/maven-plugin-api-3.8.6.jar:/home/gerald/.m2/repository/org/apache/maven/maven-model/3.8.6/maven-model-3.8.6.jar:/home/gerald/.m2/repository/org/apache/maven/maven-model-builder/3.8.6/maven-model-builder-3.8.6.jar:/home/gerald/.m2/repository/org/apache/maven/maven-builder-support/3.8.6/maven-builder-support-3.8.6.jar:/home/gerald/.m2/repository/org/apache/maven/resolver/maven-resolver-api/1.6.3/maven-resolver-api-1.6.3.jar:/home/gerald/.m2/repository/org/apache/maven/resolver/maven-resolver-util/1.6.3/maven-resolver-util-1.6.3.jar:/home/gerald/.m2/repository/org/apache/maven/shared/maven-shared-utils/3.3.4/maven-shared-utils-3.3.4.jar:/home/gerald/.m2/repository/commons-io/commons-io/2.11.0.redhat-00001/commons-io-2.11.0.redhat-00001.jar:/home/gerald/.m2/repository/com/google/inject/guice/4.2.2/guice-4.2.2-no_aop.jar:/home/gerald/.m2/repository/com/google/guava/guava/31.1.0.jre-redhat-00003/guava-31.1.0.jre-redhat-00003.jar:/home/gerald/.m2/repository/com/google/guava/failureaccess/1.0.1.redhat-00003/failureaccess-1.0.1.redhat-00003.jar:/home/gerald/.m2/repository/org/codehaus/plexus/plexus-classworlds/2.6.0/plexus-classworlds-2.6.0.jar:/home/gerald/.m2/repository/org/codehaus/plexus/plexus-sec-dispatcher/2.0/plexus-sec-dispatcher-2.0.jar:/home/gerald/.m2/repository/org/codehaus/plexus/plexus-cipher/2.0/plexus-cipher-2.0.jar:/home/gerald/.m2/repository/commons-cli/commons-cli/1.4/commons-cli-1.4.jar:/home/gerald/.m2/repository/org/eclipse/sisu/org.eclipse.sisu.plexus/0.3.5/org.eclipse.sisu.plexus-0.3.5.jar:/home/gerald/.m2/repository/org/apache/maven/maven-settings-builder/3.8.6/maven-settings-builder-3.8.6.jar:/home/gerald/.m2/repository/org/codehaus/plexus/plexus-interpolation/1.26/plexus-interpolation-1.26.jar:/home/gerald/.m2/repository/org/apache/maven/maven-resolver-provider/3.8.6/maven-resolver-provider-3.8.6.jar:/home/gerald/.m2/repository/org/apache/maven/maven-repository-metadata/3.8.6/maven-repository-metadata-3.8.6.jar:/home/gerald/.m2/repository/org/apache/maven/resolver/maven-resolver-spi/1.6.3/maven-resolver-spi-1.6.3.jar:/home/gerald/.m2/repository/org/apache/maven/resolver/maven-resolver-impl/1.6.3/maven-resolver-impl-1.6.3.jar:/home/gerald/.m2/repository/org/codehaus/plexus/plexus-utils/3.3.0.redhat-00001/plexus-utils-3.3.0.redhat-00001.jar:/home/gerald/.m2/repository/org/apache/maven/resolver/maven-resolver-connector-basic/1.6.3/maven-resolver-connector-basic-1.6.3.jar:/home/gerald/.m2/repository/org/apache/maven/resolver/maven-resolver-transport-wagon/1.6.3/maven-resolver-transport-wagon-1.6.3.jar:/home/gerald/.m2/repository/org/apache/maven/wagon/wagon-http/3.5.1/wagon-http-3.5.1.jar:/home/gerald/.m2/repository/org/apache/maven/wagon/wagon-http-shared/3.5.1/wagon-http-shared-3.5.1.jar:/home/gerald/.m2/repository/org/apache/maven/wagon/wagon-provider-api/3.5.1/wagon-provider-api-3.5.1.jar:/home/gerald/.m2/repository/org/apache/maven/wagon/wagon-file/3.5.1/wagon-file-3.5.1.jar:/home/gerald/.m2/repository/io/quarkus/quarkus-bootstrap-gradle-resolver/2.13.7.Final/quarkus-bootstrap-gradle-resolver-2.13.7.Final.jar:/home/gerald/.m2/repository/org/jboss/jandex/2.4.3.Final-redhat-00001/jandex-2.4.3.Final-redhat-00001.jar:/home/gerald/.m2/repository/org/jboss/logging/commons-logging-jboss-logging/1.0.0.Final-redhat-1/commons-logging-jboss-logging-1.0.0.Final-redhat-1.jar:/home/gerald/.m2/repository/io/quarkus/quarkus-junit5-properties/2.13.7.Final/quarkus-junit5-properties-2.13.7.Final.jar:/home/gerald/.m2/repository/org/junit/jupiter/junit-jupiter/5.9.1/junit-jupiter-5.9.1.jar:/home/gerald/.m2/repository/org/junit/jupiter/junit-jupiter-api/5.9.1/junit-jupiter-api-5.9.1.jar:/home/gerald/.m2/repository/org/opentest4j/opentest4j/1.2.0/opentest4j-1.2.0.jar:/home/gerald/.m2/repository/org/junit/platform/junit-platform-commons/1.9.1/junit-platform-commons-1.9.1.jar:/home/gerald/.m2/repository/org/apiguardian/apiguardian-api/1.1.2/apiguardian-api-1.1.2.jar:/home/gerald/.m2/repository/org/junit/jupiter/junit-jupiter-params/5.9.1/junit-jupiter-params-5.9.1.jar:/home/gerald/.m2/repository/org/junit/jupiter/junit-jupiter-engine/5.9.1/junit-jupiter-engine-5.9.1.jar:/home/gerald/.m2/repository/org/junit/platform/junit-platform-engine/1.9.1/junit-platform-engine-1.9.1.jar:/home/gerald/.m2/repository/com/thoughtworks/xstream/xstream/1.4.20.redhat-00001/xstream-1.4.20.redhat-00001.jar:/home/gerald/.m2/repository/io/github/x-stream/mxparser/1.2.2/mxparser-1.2.2.jar:/home/gerald/.m2/repository/xmlpull/xmlpull/1.1.3.1/xmlpull-1.1.3.1.jar:/home/gerald/.m2/repository/org/assertj/assertj-core/3.21.0/assertj-core-3.21.0.jar:/home/gerald/.m2/repository/io/quarkus/quarkus-jacoco/2.13.7.Final-redhat-00003/quarkus-jacoco-2.13.7.Final-redhat-00003.jar:/home/gerald/.m2/repository/org/jacoco/org.jacoco.core/0.8.8/org.jacoco.core-0.8.8.jar:/home/gerald/.m2/repository/org/ow2/asm/asm/9.3.0.redhat-00001/asm-9.3.0.redhat-00001.jar:/home/gerald/.m2/repository/org/ow2/asm/asm-tree/9.3.0.redhat-00001/asm-tree-9.3.0.redhat-00001.jar:/home/gerald/.m2/repository/org/jacoco/org.jacoco.report/0.8.8/org.jacoco.report-0.8.8.jar:/home/gerald/.m2/repository/org/jacoco/org.jacoco.agent/0.8.8/org.jacoco.agent-0.8.8.jar:/home/gerald/.m2/repository/org/jacoco/org.jacoco.agent/0.8.8/org.jacoco.agent-0.8.8-runtime.jar:/home/gerald/.m2/repository/org/ow2/asm/asm-commons/9.3.0.redhat-00001/asm-commons-9.3.0.redhat-00001.jar:/home/gerald/.m2/repository/org/ow2/asm/asm-analysis/9.3.0.redhat-00001/asm-analysis-9.3.0.redhat-00001.jar:"/>
    <property name="java.vm.vendor" value="Private Build"/>
    <property name="sun.arch.data.model" value="64"/>
    <property name="java.vendor.url" value="Unknown"/>
    <property name="user.timezone" value="America/Santiago"/>
    <property name="logging.initial-configurator.min-level" value="500"/>
    <property name="os.name" value="Linux"/>
    <property name="java.vm.specification.version" value="17"/>
    <property name="sun.java.launcher" value="SUN_STANDARD"/>
    <property name="user.country" value="US"/>
    <property name="sun.boot.library.path" value="/usr/lib/jvm/java-17-openjdk-amd64/lib"/>
    <property name="sun.java.command" value="/home/gerald/Desktop/Arquetypes/baseservice-rest-databese-crud/target/surefire/surefirebooter-20230731122510759_3.jar /home/gerald/Desktop/Arquetypes/baseservice-rest-databese-crud/target/surefire 2023-07-31T12-25-10_563-jvmRun1 surefire-20230731122510759_1tmp surefire_0-20230731122510759_2tmp"/>
    <property name="maven.home" value="/usr/share/maven"/>
    <property name="jdk.debug" value="release"/>
    <property name="surefire.test.class.path" value="/home/gerald/Desktop/Arquetypes/baseservice-rest-databese-crud/target/test-classes:/home/gerald/Desktop/Arquetypes/baseservice-rest-databese-crud/target/classes:/home/gerald/.m2/repository/org/apache/camel/quarkus/camel-quarkus-log/2.13.2.redhat-00004/camel-quarkus-log-2.13.2.redhat-00004.jar:/home/gerald/.m2/repository/org/apache/camel/quarkus/camel-quarkus-core/2.13.2.redhat-00004/camel-quarkus-core-2.13.2.redhat-00004.jar:/home/gerald/.m2/repository/io/quarkus/quarkus-development-mode-spi/2.13.7.Final-redhat-00003/quarkus-development-mode-spi-2.13.7.Final-redhat-00003.jar:/home/gerald/.m2/repository/org/apache/camel/camel-base/3.18.3.redhat-00024/camel-base-3.18.3.redhat-00024.jar:/home/gerald/.m2/repository/org/apache/camel/camel-api/3.18.3.redhat-00024/camel-api-3.18.3.redhat-00024.jar:/home/gerald/.m2/repository/org/apache/camel/camel-management-api/3.18.3.redhat-00024/camel-management-api-3.18.3.redhat-00024.jar:/home/gerald/.m2/repository/org/apache/camel/camel-util/3.18.3.redhat-00024/camel-util-3.18.3.redhat-00024.jar:/home/gerald/.m2/repository/org/apache/camel/camel-componentdsl/3.18.3.redhat-00024/camel-componentdsl-3.18.3.redhat-00024.jar:/home/gerald/.m2/repository/org/apache/camel/camel-core-catalog/3.18.3.redhat-00024/camel-core-catalog-3.18.3.redhat-00024.jar:/home/gerald/.m2/repository/org/apache/camel/camel-core-engine/3.18.3.redhat-00024/camel-core-engine-3.18.3.redhat-00024.jar:/home/gerald/.m2/repository/org/apache/camel/camel-base-engine/3.18.3.redhat-00024/camel-base-engine-3.18.3.redhat-00024.jar:/home/gerald/.m2/repository/org/apache/camel/camel-core-reifier/3.18.3.redhat-00024/camel-core-reifier-3.18.3.redhat-00024.jar:/home/gerald/.m2/repository/org/apache/camel/camel-core-languages/3.18.3.redhat-00024/camel-core-languages-3.18.3.redhat-00024.jar:/home/gerald/.m2/repository/org/apache/camel/camel-core-model/3.18.3.redhat-00024/camel-core-model-3.18.3.redhat-00024.jar:/home/gerald/.m2/repository/org/apache/camel/camel-core-processor/3.18.3.redhat-00024/camel-core-processor-3.18.3.redhat-00024.jar:/home/gerald/.m2/repository/org/apache/camel/camel-endpointdsl/3.18.3.redhat-00024/camel-endpointdsl-3.18.3.redhat-00024.jar:/home/gerald/.m2/repository/org/apache/camel/camel-main/3.18.3.redhat-00024/camel-main-3.18.3.redhat-00024.jar:/home/gerald/.m2/repository/org/apache/camel/camel-microprofile-config/3.18.3.redhat-00024/camel-microprofile-config-3.18.3.redhat-00024.jar:/home/gerald/.m2/repository/org/eclipse/microprofile/config/microprofile-config-api/2.0.1.redhat-00001/microprofile-config-api-2.0.1.redhat-00001.jar:/home/gerald/.m2/repository/org/apache/camel/camel-log/3.18.3.redhat-00024/camel-log-3.18.3.redhat-00024.jar:/home/gerald/.m2/repository/org/apache/camel/camel-support/3.18.3.redhat-00024/camel-support-3.18.3.redhat-00024.jar:/home/gerald/.m2/repository/io/quarkus/quarkus-hibernate-orm/2.13.7.Final-redhat-00003/quarkus-hibernate-orm-2.13.7.Final-redhat-00003.jar:/home/gerald/.m2/repository/io/quarkus/quarkus-core/2.13.7.Final-redhat-00003/quarkus-core-2.13.7.Final-redhat-00003.jar:/home/gerald/.m2/repository/jakarta/annotation/jakarta.annotation-api/1.3.5.redhat-00003/jakarta.annotation-api-1.3.5.redhat-00003.jar:/home/gerald/.m2/repository/jakarta/enterprise/jakarta.enterprise.cdi-api/2.0.2.redhat-00004/jakarta.enterprise.cdi-api-2.0.2.redhat-00004.jar:/home/gerald/.m2/repository/jakarta/el/jakarta.el-api/3.0.3.redhat-00002/jakarta.el-api-3.0.3.redhat-00002.jar:/home/gerald/.m2/repository/jakarta/interceptor/jakarta.interceptor-api/1.2.5.redhat-00002/jakarta.interceptor-api-1.2.5.redhat-00002.jar:/home/gerald/.m2/repository/jakarta/inject/jakarta.inject-api/1.0.0.redhat-00002/jakarta.inject-api-1.0.0.redhat-00002.jar:/home/gerald/.m2/repository/io/quarkus/quarkus-ide-launcher/2.13.7.Final-redhat-00003/quarkus-ide-launcher-2.13.7.Final-redhat-00003.jar:/home/gerald/.m2/repository/io/smallrye/config/smallrye-config/2.12.3.redhat-00001/smallrye-config-2.12.3.redhat-00001.jar:/home/gerald/.m2/repository/io/smallrye/config/smallrye-config-core/2.12.3.redhat-00001/smallrye-config-core-2.12.3.redhat-00001.jar:/home/gerald/.m2/repository/io/smallrye/common/smallrye-common-annotation/1.13.1.redhat-00001/smallrye-common-annotation-1.13.1.redhat-00001.jar:/home/gerald/.m2/repository/io/smallrye/common/smallrye-common-expression/1.13.1.redhat-00001/smallrye-common-expression-1.13.1.redhat-00001.jar:/home/gerald/.m2/repository/io/smallrye/common/smallrye-common-function/1.13.1.redhat-00001/smallrye-common-function-1.13.1.redhat-00001.jar:/home/gerald/.m2/repository/io/smallrye/common/smallrye-common-constraint/1.13.1.redhat-00001/smallrye-common-constraint-1.13.1.redhat-00001.jar:/home/gerald/.m2/repository/io/smallrye/common/smallrye-common-classloader/1.13.1.redhat-00001/smallrye-common-classloader-1.13.1.redhat-00001.jar:/home/gerald/.m2/repository/io/smallrye/config/smallrye-config-common/2.12.3.redhat-00001/smallrye-config-common-2.12.3.redhat-00001.jar:/home/gerald/.m2/repository/org/jboss/logging/jboss-logging/3.5.0.Final-redhat-00002/jboss-logging-3.5.0.Final-redhat-00002.jar:/home/gerald/.m2/repository/org/jboss/logging/jboss-logging-annotations/2.2.1.Final-redhat-00001/jboss-logging-annotations-2.2.1.Final-redhat-00001.jar:/home/gerald/.m2/repository/org/jboss/threads/jboss-threads/3.4.3.Final-redhat-00001/jboss-threads-3.4.3.Final-redhat-00001.jar:/home/gerald/.m2/repository/org/slf4j/slf4j-api/1.7.36.redhat-00002/slf4j-api-1.7.36.redhat-00002.jar:/home/gerald/.m2/repository/org/jboss/slf4j/slf4j-jboss-logmanager/1.2.0.Final-redhat-00001/slf4j-jboss-logmanager-1.2.0.Final-redhat-00001.jar:/home/gerald/.m2/repository/org/graalvm/sdk/graal-sdk/22.3.1.0-1-redhat-00001/graal-sdk-22.3.1.0-1-redhat-00001.jar:/home/gerald/.m2/repository/org/wildfly/common/wildfly-common/1.5.4.Final-format-001-redhat-00001/wildfly-common-1.5.4.Final-format-001-redhat-00001.jar:/home/gerald/.m2/repository/io/quarkus/quarkus-bootstrap-runner/2.13.7.Final-redhat-00003/quarkus-bootstrap-runner-2.13.7.Final-redhat-00003.jar:/home/gerald/.m2/repository/io/github/crac/org-crac/0.1.1/org-crac-0.1.1.jar:/home/gerald/.m2/repository/io/quarkus/quarkus-fs-util/0.0.9.redhat-00002/quarkus-fs-util-0.0.9.redhat-00002.jar:/home/gerald/.m2/repository/io/quarkus/quarkus-narayana-jta/2.13.7.Final-redhat-00003/quarkus-narayana-jta-2.13.7.Final-redhat-00003.jar:/home/gerald/.m2/repository/io/quarkus/quarkus-transaction-annotations/2.13.7.Final-redhat-00003/quarkus-transaction-annotations-2.13.7.Final-redhat-00003.jar:/home/gerald/.m2/repository/io/quarkus/quarkus-mutiny/2.13.7.Final-redhat-00003/quarkus-mutiny-2.13.7.Final-redhat-00003.jar:/home/gerald/.m2/repository/io/smallrye/reactive/mutiny/1.7.0.redhat-00001/mutiny-1.7.0.redhat-00001.jar:/home/gerald/.m2/repository/io/quarkus/quarkus-smallrye-context-propagation/2.13.7.Final-redhat-00003/quarkus-smallrye-context-propagation-2.13.7.Final-redhat-00003.jar:/home/gerald/.m2/repository/io/smallrye/smallrye-context-propagation/1.2.2.redhat-00001/smallrye-context-propagation-1.2.2.redhat-00001.jar:/home/gerald/.m2/repository/io/smallrye/smallrye-context-propagation-api/1.2.2.redhat-00001/smallrye-context-propagation-api-1.2.2.redhat-00001.jar:/home/gerald/.m2/repository/io/smallrye/smallrye-context-propagation-storage/1.2.2.redhat-00001/smallrye-context-propagation-storage-1.2.2.redhat-00001.jar:/home/gerald/.m2/repository/io/smallrye/reactive/mutiny-smallrye-context-propagation/1.7.0.redhat-00001/mutiny-smallrye-context-propagation-1.7.0.redhat-00001.jar:/home/gerald/.m2/repository/io/smallrye/smallrye-context-propagation-jta/1.2.2.redhat-00001/smallrye-context-propagation-jta-1.2.2.redhat-00001.jar:/home/gerald/.m2/repository/io/smallrye/reactive/smallrye-reactive-converter-api/2.7.0.redhat-00001/smallrye-reactive-converter-api-2.7.0.redhat-00001.jar:/home/gerald/.m2/repository/org/reactivestreams/reactive-streams/1.0.3.redhat-00003/reactive-streams-1.0.3.redhat-00003.jar:/home/gerald/.m2/repository/io/smallrye/reactive/smallrye-reactive-converter-mutiny/2.7.0.redhat-00001/smallrye-reactive-converter-mutiny-2.7.0.redhat-00001.jar:/home/gerald/.m2/repository/org/jboss/narayana/jta/narayana-jta/5.13.1.Final-redhat-00001/narayana-jta-5.13.1.Final-redhat-00001.jar:/home/gerald/.m2/repository/org/jboss/spec/javax/resource/jboss-connector-api_1.7_spec/1.0.0.Final/jboss-connector-api_1.7_spec-1.0.0.Final.jar:/home/gerald/.m2/repository/org/jboss/narayana/jts/narayana-jts-integration/5.13.1.Final-redhat-00001/narayana-jts-integration-5.13.1.Final-redhat-00001.jar:/home/gerald/.m2/repository/org/hibernate/hibernate-core/5.6.14.Final-redhat-00001/hibernate-core-5.6.14.Final-redhat-00001.jar:/home/gerald/.m2/repository/net/bytebuddy/byte-buddy/1.12.18.redhat-00002/byte-buddy-1.12.18.redhat-00002.jar:/home/gerald/.m2/repository/antlr/antlr/2.7.7.redhat-7/antlr-2.7.7.redhat-7.jar:/home/gerald/.m2/repository/com/fasterxml/classmate/1.5.1.redhat-00001/classmate-1.5.1.redhat-00001.jar:/home/gerald/.m2/repository/org/hibernate/common/hibernate-commons-annotations/5.1.2.Final-redhat-00005/hibernate-commons-annotations-5.1.2.Final-redhat-00005.jar:/home/gerald/.m2/repository/org/hibernate/hibernate-graalvm/5.6.14.Final-redhat-00001/hibernate-graalvm-5.6.14.Final-redhat-00001.jar:/home/gerald/.m2/repository/org/glassfish/jaxb/jaxb-runtime/2.3.3.b02-redhat-00001/jaxb-runtime-2.3.3.b02-redhat-00001.jar:/home/gerald/.m2/repository/org/glassfish/jaxb/txw2/2.3.3.b02-redhat-00001/txw2-2.3.3.b02-redhat-00001.jar:/home/gerald/.m2/repository/com/sun/istack/istack-commons-runtime/3.0.10.redhat-00001/istack-commons-runtime-3.0.10.redhat-00001.jar:/home/gerald/.m2/repository/org/jboss/spec/javax/xml/bind/jboss-jaxb-api_2.3_spec/2.0.0.Final-redhat-00001/jboss-jaxb-api_2.3_spec-2.0.0.Final-redhat-00001.jar:/home/gerald/.m2/repository/jakarta/persistence/jakarta.persistence-api/2.2.3.redhat-00001/jakarta.persistence-api-2.2.3.redhat-00001.jar:/home/gerald/.m2/repository/jakarta/transaction/jakarta.transaction-api/1.3.3.redhat-00002/jakarta.transaction-api-1.3.3.redhat-00002.jar:/home/gerald/.m2/repository/org/hibernate/quarkus-local-cache/0.1.1.redhat-00002/quarkus-local-cache-0.1.1.redhat-00002.jar:/home/gerald/.m2/repository/io/quarkus/quarkus-caffeine/2.13.7.Final-redhat-00003/quarkus-caffeine-2.13.7.Final-redhat-00003.jar:/home/gerald/.m2/repository/com/github/ben-manes/caffeine/caffeine/2.9.3.redhat-00001/caffeine-2.9.3.redhat-00001.jar:/home/gerald/.m2/repository/com/google/errorprone/error_prone_annotations/2.15.0.redhat-00001/error_prone_annotations-2.15.0.redhat-00001.jar:/home/gerald/.m2/repository/io/quarkus/quarkus-jdbc-h2/2.13.7.Final/quarkus-jdbc-h2-2.13.7.Final.jar:/home/gerald/.m2/repository/io/quarkus/quarkus-arc/2.13.7.Final-redhat-00003/quarkus-arc-2.13.7.Final-redhat-00003.jar:/home/gerald/.m2/repository/io/quarkus/arc/arc/2.13.7.Final-redhat-00003/arc-2.13.7.Final-redhat-00003.jar:/home/gerald/.m2/repository/org/eclipse/microprofile/context-propagation/microprofile-context-propagation-api/1.2.0.redhat-00010/microprofile-context-propagation-api-1.2.0.redhat-00010.jar:/home/gerald/.m2/repository/com/h2database/h2/2.1.214/h2-2.1.214.jar:/home/gerald/.m2/repository/org/locationtech/jts/jts-core/1.17.0/jts-core-1.17.0.jar:/home/gerald/.m2/repository/org/apache/camel/quarkus/camel-quarkus-jpa/2.13.2.redhat-00004/camel-quarkus-jpa-2.13.2.redhat-00004.jar:/home/gerald/.m2/repository/org/apache/camel/quarkus/camel-quarkus-support-spring/2.13.2.redhat-00004/camel-quarkus-support-spring-2.13.2.redhat-00004.jar:/home/gerald/.m2/repository/org/apache/camel/quarkus/camel-quarkus-support-commons-logging/2.13.2.redhat-00004/camel-quarkus-support-commons-logging-2.13.2.redhat-00004.jar:/home/gerald/.m2/repository/org/apache/camel/quarkus/camel-quarkus-support-spring-beans/2.13.2.redhat-00004/camel-quarkus-support-spring-beans-2.13.2.redhat-00004.jar:/home/gerald/.m2/repository/org/apache/camel/quarkus/camel-quarkus-support-spring-context/2.13.2.redhat-00004/camel-quarkus-support-spring-context-2.13.2.redhat-00004.jar:/home/gerald/.m2/repository/org/apache/camel/quarkus/camel-quarkus-support-spring-core/2.13.2.redhat-00004/camel-quarkus-support-spring-core-2.13.2.redhat-00004.jar:/home/gerald/.m2/repository/org/apache/camel/camel-jpa/3.18.3.redhat-00024/camel-jpa-3.18.3.redhat-00024.jar:/home/gerald/.m2/repository/org/springframework/spring-orm/5.3.24/spring-orm-5.3.24.jar:/home/gerald/.m2/repository/org/springframework/spring-jdbc/5.3.24/spring-jdbc-5.3.24.jar:/home/gerald/.m2/repository/org/springframework/spring-tx/5.3.24/spring-tx-5.3.24.jar:/home/gerald/.m2/repository/org/apache/camel/quarkus/camel-quarkus-direct/2.13.2.redhat-00004/camel-quarkus-direct-2.13.2.redhat-00004.jar:/home/gerald/.m2/repository/org/apache/camel/camel-direct/3.18.3.redhat-00024/camel-direct-3.18.3.redhat-00024.jar:/home/gerald/.m2/repository/org/apache/camel/quarkus/camel-quarkus-jackson/2.13.2.redhat-00004/camel-quarkus-jackson-2.13.2.redhat-00004.jar:/home/gerald/.m2/repository/io/quarkus/quarkus-jaxp/2.13.7.Final-redhat-00003/quarkus-jaxp-2.13.7.Final-redhat-00003.jar:/home/gerald/.m2/repository/io/quarkus/quarkus-jackson/2.13.7.Final-redhat-00003/quarkus-jackson-2.13.7.Final-redhat-00003.jar:/home/gerald/.m2/repository/com/fasterxml/jackson/core/jackson-databind/2.13.4.2-redhat-00001/jackson-databind-2.13.4.2-redhat-00001.jar:/home/gerald/.m2/repository/com/fasterxml/jackson/datatype/jackson-datatype-jsr310/2.13.4.redhat-00004/jackson-datatype-jsr310-2.13.4.redhat-00004.jar:/home/gerald/.m2/repository/com/fasterxml/jackson/datatype/jackson-datatype-jdk8/2.13.4.redhat-00004/jackson-datatype-jdk8-2.13.4.redhat-00004.jar:/home/gerald/.m2/repository/com/fasterxml/jackson/module/jackson-module-parameter-names/2.13.4.redhat-00004/jackson-module-parameter-names-2.13.4.redhat-00004.jar:/home/gerald/.m2/repository/com/fasterxml/jackson/module/jackson-module-jaxb-annotations/2.13.4.redhat-00004/jackson-module-jaxb-annotations-2.13.4.redhat-00004.jar:/home/gerald/.m2/repository/com/fasterxml/jackson/core/jackson-annotations/2.13.4.redhat-00004/jackson-annotations-2.13.4.redhat-00004.jar:/home/gerald/.m2/repository/com/fasterxml/jackson/core/jackson-core/2.13.4.redhat-00004/jackson-core-2.13.4.redhat-00004.jar:/home/gerald/.m2/repository/org/apache/camel/camel-jackson/3.18.3.redhat-00024/camel-jackson-3.18.3.redhat-00024.jar:/home/gerald/.m2/repository/com/sun/activation/jakarta.activation/1.2.1.redhat-00002/jakarta.activation-1.2.1.redhat-00002.jar:/home/gerald/.m2/repository/io/quarkus/quarkus-agroal/2.13.7.Final-redhat-00003/quarkus-agroal-2.13.7.Final-redhat-00003.jar:/home/gerald/.m2/repository/io/quarkus/quarkus-datasource/2.13.7.Final-redhat-00003/quarkus-datasource-2.13.7.Final-redhat-00003.jar:/home/gerald/.m2/repository/io/quarkus/quarkus-datasource-common/2.13.7.Final-redhat-00003/quarkus-datasource-common-2.13.7.Final-redhat-00003.jar:/home/gerald/.m2/repository/io/agroal/agroal-api/1.16.0.redhat-00002/agroal-api-1.16.0.redhat-00002.jar:/home/gerald/.m2/repository/io/agroal/agroal-narayana/1.16.0.redhat-00002/agroal-narayana-1.16.0.redhat-00002.jar:/home/gerald/.m2/repository/org/jboss/jboss-transaction-spi/7.6.0.Final-redhat-1/jboss-transaction-spi-7.6.0.Final-redhat-1.jar:/home/gerald/.m2/repository/io/agroal/agroal-pool/1.16.0.redhat-00002/agroal-pool-1.16.0.redhat-00002.jar:/home/gerald/.m2/repository/io/quarkus/quarkus-credentials/2.13.7.Final-redhat-00003/quarkus-credentials-2.13.7.Final-redhat-00003.jar:/home/gerald/.m2/repository/org/apache/camel/quarkus/camel-quarkus-bean/2.13.2.redhat-00004/camel-quarkus-bean-2.13.2.redhat-00004.jar:/home/gerald/.m2/repository/org/apache/camel/camel-bean/3.18.3.redhat-00024/camel-bean-3.18.3.redhat-00024.jar:/home/gerald/.m2/repository/org/apache/camel/quarkus/camel-quarkus-jdbc/2.13.2/camel-quarkus-jdbc-2.13.2.jar:/home/gerald/.m2/repository/org/apache/camel/quarkus/camel-quarkus-support-jdbc/2.13.2.redhat-00004/camel-quarkus-support-jdbc-2.13.2.redhat-00004.jar:/home/gerald/.m2/repository/jakarta/security/jacc/jakarta.security.jacc-api/1.6.1.redhat-00002/jakarta.security.jacc-api-1.6.1.redhat-00002.jar:/home/gerald/.m2/repository/jakarta/servlet/jakarta.servlet-api/4.0.3.redhat-00002/jakarta.servlet-api-4.0.3.redhat-00002.jar:/home/gerald/.m2/repository/org/apache/camel/camel-jdbc/3.18.3/camel-jdbc-3.18.3.jar:/home/gerald/.m2/repository/io/quarkus/quarkus-jdbc-postgresql/2.13.7.Final-redhat-00003/quarkus-jdbc-postgresql-2.13.7.Final-redhat-00003.jar:/home/gerald/.m2/repository/org/postgresql/postgresql/42.5.1.redhat-00001/postgresql-42.5.1.redhat-00001.jar:/home/gerald/.m2/repository/org/apache/camel/quarkus/camel-quarkus-rest/2.13.2.redhat-00004/camel-quarkus-rest-2.13.2.redhat-00004.jar:/home/gerald/.m2/repository/org/apache/camel/quarkus/camel-quarkus-platform-http/2.13.2.redhat-00004/camel-quarkus-platform-http-2.13.2.redhat-00004.jar:/home/gerald/.m2/repository/org/apache/camel/quarkus/camel-quarkus-attachments/2.13.2.redhat-00004/camel-quarkus-attachments-2.13.2.redhat-00004.jar:/home/gerald/.m2/repository/org/apache/camel/camel-attachments/3.18.3.redhat-00024/camel-attachments-3.18.3.redhat-00024.jar:/home/gerald/.m2/repository/org/apache/camel/camel-platform-http-vertx/3.18.3.redhat-00024/camel-platform-http-vertx-3.18.3.redhat-00024.jar:/home/gerald/.m2/repository/org/apache/camel/camel-platform-http/3.18.3.redhat-00024/camel-platform-http-3.18.3.redhat-00024.jar:/home/gerald/.m2/repository/org/apache/camel/camel-console/3.18.3.redhat-00024/camel-console-3.18.3.redhat-00024.jar:/home/gerald/.m2/repository/org/apache/camel/camel-vertx-common/3.18.3.redhat-00024/camel-vertx-common-3.18.3.redhat-00024.jar:/home/gerald/.m2/repository/io/vertx/vertx-core/4.3.4.redhat-00007/vertx-core-4.3.4.redhat-00007.jar:/home/gerald/.m2/repository/io/netty/netty-common/4.1.86.Final-redhat-00001/netty-common-4.1.86.Final-redhat-00001.jar:/home/gerald/.m2/repository/io/netty/netty-buffer/4.1.86.Final-redhat-00001/netty-buffer-4.1.86.Final-redhat-00001.jar:/home/gerald/.m2/repository/io/netty/netty-transport/4.1.86.Final-redhat-00001/netty-transport-4.1.86.Final-redhat-00001.jar:/home/gerald/.m2/repository/io/netty/netty-handler/4.1.86.Final-redhat-00001/netty-handler-4.1.86.Final-redhat-00001.jar:/home/gerald/.m2/repository/io/netty/netty-transport-native-unix-common/4.1.86.Final-redhat-00001/netty-transport-native-unix-common-4.1.86.Final-redhat-00001.jar:/home/gerald/.m2/repository/io/netty/netty-handler-proxy/4.1.86.Final-redhat-00001/netty-handler-proxy-4.1.86.Final-redhat-00001.jar:/home/gerald/.m2/repository/io/netty/netty-codec-socks/4.1.86.Final-redhat-00001/netty-codec-socks-4.1.86.Final-redhat-00001.jar:/home/gerald/.m2/repository/io/netty/netty-codec-http/4.1.86.Final-redhat-00001/netty-codec-http-4.1.86.Final-redhat-00001.jar:/home/gerald/.m2/repository/io/netty/netty-codec-http2/4.1.86.Final-redhat-00001/netty-codec-http2-4.1.86.Final-redhat-00001.jar:/home/gerald/.m2/repository/io/netty/netty-resolver/4.1.86.Final-redhat-00001/netty-resolver-4.1.86.Final-redhat-00001.jar:/home/gerald/.m2/repository/io/netty/netty-resolver-dns/4.1.86.Final-redhat-00001/netty-resolver-dns-4.1.86.Final-redhat-00001.jar:/home/gerald/.m2/repository/io/netty/netty-codec-dns/4.1.86.Final-redhat-00001/netty-codec-dns-4.1.86.Final-redhat-00001.jar:/home/gerald/.m2/repository/io/vertx/vertx-web/4.3.4.redhat-00007/vertx-web-4.3.4.redhat-00007.jar:/home/gerald/.m2/repository/io/vertx/vertx-web-common/4.3.4.redhat-00007/vertx-web-common-4.3.4.redhat-00007.jar:/home/gerald/.m2/repository/io/vertx/vertx-auth-common/4.3.4.redhat-00007/vertx-auth-common-4.3.4.redhat-00007.jar:/home/gerald/.m2/repository/io/vertx/vertx-bridge-common/4.3.4.redhat-00007/vertx-bridge-common-4.3.4.redhat-00007.jar:/home/gerald/.m2/repository/io/quarkus/quarkus-vertx-http/2.13.7.Final-redhat-00003/quarkus-vertx-http-2.13.7.Final-redhat-00003.jar:/home/gerald/.m2/repository/io/quarkus/quarkus-security-runtime-spi/2.13.7.Final-redhat-00003/quarkus-security-runtime-spi-2.13.7.Final-redhat-00003.jar:/home/gerald/.m2/repository/io/smallrye/common/smallrye-common-vertx-context/1.13.1.redhat-00001/smallrye-common-vertx-context-1.13.1.redhat-00001.jar:/home/gerald/.m2/repository/io/quarkus/quarkus-vertx-http-dev-console-runtime-spi/2.13.7.Final-redhat-00003/quarkus-vertx-http-dev-console-runtime-spi-2.13.7.Final-redhat-00003.jar:/home/gerald/.m2/repository/io/quarkus/security/quarkus-security/1.1.4.Final-redhat-00001/quarkus-security-1.1.4.Final-redhat-00001.jar:/home/gerald/.m2/repository/io/quarkus/quarkus-vertx/2.13.7.Final-redhat-00003/quarkus-vertx-2.13.7.Final-redhat-00003.jar:/home/gerald/.m2/repository/io/quarkus/quarkus-netty/2.13.7.Final-redhat-00003/quarkus-netty-2.13.7.Final-redhat-00003.jar:/home/gerald/.m2/repository/io/netty/netty-codec/4.1.86.Final-redhat-00001/netty-codec-4.1.86.Final-redhat-00001.jar:/home/gerald/.m2/repository/com/aayushatharva/brotli4j/brotli4j/1.8.0.redhat-00003/brotli4j-1.8.0.redhat-00003.jar:/home/gerald/.m2/repository/com/aayushatharva/brotli4j/native-linux-x86_64/1.8.0.redhat-00003/native-linux-x86_64-1.8.0.redhat-00003.jar:/home/gerald/.m2/repository/io/netty/netty-codec-haproxy/4.1.86.Final-redhat-00001/netty-codec-haproxy-4.1.86.Final-redhat-00001.jar:/home/gerald/.m2/repository/io/quarkus/quarkus-vertx-latebound-mdc-provider/2.13.7.Final-redhat-00003/quarkus-vertx-latebound-mdc-provider-2.13.7.Final-redhat-00003.jar:/home/gerald/.m2/repository/io/smallrye/reactive/smallrye-mutiny-vertx-core/2.27.0.redhat-00001/smallrye-mutiny-vertx-core-2.27.0.redhat-00001.jar:/home/gerald/.m2/repository/io/smallrye/reactive/smallrye-mutiny-vertx-runtime/2.27.0.redhat-00001/smallrye-mutiny-vertx-runtime-2.27.0.redhat-00001.jar:/home/gerald/.m2/repository/io/smallrye/reactive/vertx-mutiny-generator/2.27.0.redhat-00001/vertx-mutiny-generator-2.27.0.redhat-00001.jar:/home/gerald/.m2/repository/io/vertx/vertx-codegen/4.3.4.redhat-00007/vertx-codegen-4.3.4.redhat-00007.jar:/home/gerald/.m2/repository/io/smallrye/smallrye-fault-tolerance-vertx/5.5.0.redhat-00002/smallrye-fault-tolerance-vertx-5.5.0.redhat-00002.jar:/home/gerald/.m2/repository/io/smallrye/reactive/smallrye-mutiny-vertx-web/2.27.0.redhat-00001/smallrye-mutiny-vertx-web-2.27.0.redhat-00001.jar:/home/gerald/.m2/repository/io/smallrye/reactive/smallrye-mutiny-vertx-web-common/2.27.0.redhat-00001/smallrye-mutiny-vertx-web-common-2.27.0.redhat-00001.jar:/home/gerald/.m2/repository/io/smallrye/reactive/smallrye-mutiny-vertx-auth-common/2.27.0.redhat-00001/smallrye-mutiny-vertx-auth-common-2.27.0.redhat-00001.jar:/home/gerald/.m2/repository/io/smallrye/reactive/smallrye-mutiny-vertx-bridge-common/2.27.0.redhat-00001/smallrye-mutiny-vertx-bridge-common-2.27.0.redhat-00001.jar:/home/gerald/.m2/repository/io/smallrye/reactive/smallrye-mutiny-vertx-uri-template/2.27.0.redhat-00001/smallrye-mutiny-vertx-uri-template-2.27.0.redhat-00001.jar:/home/gerald/.m2/repository/io/vertx/vertx-uri-template/4.3.4.redhat-00007/vertx-uri-template-4.3.4.redhat-00007.jar:/home/gerald/.m2/repository/org/apache/camel/camel-rest/3.18.3.redhat-00024/camel-rest-3.18.3.redhat-00024.jar:/home/gerald/.m2/repository/org/apache/camel/camel-tooling-model/3.18.3.redhat-00024/camel-tooling-model-3.18.3.redhat-00024.jar:/home/gerald/.m2/repository/org/apache/camel/camel-util-json/3.18.3.redhat-00024/camel-util-json-3.18.3.redhat-00024.jar:/home/gerald/.m2/repository/org/apache/camel/quarkus/camel-quarkus-mock/2.13.2.redhat-00004/camel-quarkus-mock-2.13.2.redhat-00004.jar:/home/gerald/.m2/repository/org/apache/camel/camel-mock/3.18.3.redhat-00024/camel-mock-3.18.3.redhat-00024.jar:/home/gerald/.m2/repository/io/quarkus/quarkus-logging-json/2.13.7.Final-redhat-00003/quarkus-logging-json-2.13.7.Final-redhat-00003.jar:/home/gerald/.m2/repository/io/quarkus/quarkus-jsonp/2.13.7.Final-redhat-00003/quarkus-jsonp-2.13.7.Final-redhat-00003.jar:/home/gerald/.m2/repository/org/glassfish/jakarta.json/1.1.6.redhat-00003/jakarta.json-1.1.6.redhat-00003.jar:/home/gerald/.m2/repository/org/jboss/logmanager/jboss-logmanager-embedded/1.0.10.redhat-00001/jboss-logmanager-embedded-1.0.10.redhat-00001.jar:/home/gerald/.m2/repository/org/apache/camel/quarkus/camel-quarkus-http/2.13.2.redhat-00004/camel-quarkus-http-2.13.2.redhat-00004.jar:/home/gerald/.m2/repository/org/apache/camel/quarkus/camel-quarkus-http-common/2.13.2.redhat-00004/camel-quarkus-http-common-2.13.2.redhat-00004.jar:/home/gerald/.m2/repository/org/apache/camel/quarkus/camel-quarkus-core-cloud/2.13.2.redhat-00004/camel-quarkus-core-cloud-2.13.2.redhat-00004.jar:/home/gerald/.m2/repository/org/apache/camel/camel-http-common/3.18.3.redhat-00024/camel-http-common-3.18.3.redhat-00024.jar:/home/gerald/.m2/repository/org/apache/camel/camel-http-base/3.18.3.redhat-00024/camel-http-base-3.18.3.redhat-00024.jar:/home/gerald/.m2/repository/org/apache/camel/quarkus/camel-quarkus-support-httpclient/2.13.2.redhat-00004/camel-quarkus-support-httpclient-2.13.2.redhat-00004.jar:/home/gerald/.m2/repository/io/quarkus/quarkus-apache-httpclient/2.13.7.Final-redhat-00003/quarkus-apache-httpclient-2.13.7.Final-redhat-00003.jar:/home/gerald/.m2/repository/org/apache/httpcomponents/httpclient/4.5.13.redhat-00002/httpclient-4.5.13.redhat-00002.jar:/home/gerald/.m2/repository/org/apache/httpcomponents/httpcore/4.4.15.redhat-00003/httpcore-4.4.15.redhat-00003.jar:/home/gerald/.m2/repository/commons-codec/commons-codec/1.15.0.redhat-00001/commons-codec-1.15.0.redhat-00001.jar:/home/gerald/.m2/repository/org/apache/camel/camel-http/3.18.3.redhat-00024/camel-http-3.18.3.redhat-00024.jar:/home/gerald/.m2/repository/org/apache/camel/camel-cloud/3.18.3.redhat-00024/camel-cloud-3.18.3.redhat-00024.jar:/home/gerald/.m2/repository/org/apache/camel/camel-file/3.18.3.redhat-00024/camel-file-3.18.3.redhat-00024.jar:/home/gerald/.m2/repository/org/apache/camel/camel-cluster/3.18.3.redhat-00024/camel-cluster-3.18.3.redhat-00024.jar:/home/gerald/.m2/repository/io/quarkus/quarkus-junit5/2.13.7.Final/quarkus-junit5-2.13.7.Final.jar:/home/gerald/.m2/repository/io/quarkus/quarkus-bootstrap-core/2.13.7.Final-redhat-00003/quarkus-bootstrap-core-2.13.7.Final-redhat-00003.jar:/home/gerald/.m2/repository/io/quarkus/quarkus-bootstrap-app-model/2.13.7.Final-redhat-00003/quarkus-bootstrap-app-model-2.13.7.Final-redhat-00003.jar:/home/gerald/.m2/repository/io/smallrye/common/smallrye-common-io/1.13.1.redhat-00001/smallrye-common-io-1.13.1.redhat-00001.jar:/home/gerald/.m2/repository/org/eclipse/sisu/org.eclipse.sisu.inject/0.3.5/org.eclipse.sisu.inject-0.3.5.jar:/home/gerald/.m2/repository/io/quarkus/quarkus-test-common/2.13.7.Final/quarkus-test-common-2.13.7.Final.jar:/home/gerald/.m2/repository/io/quarkus/quarkus-core-deployment/2.13.7.Final-redhat-00003/quarkus-core-deployment-2.13.7.Final-redhat-00003.jar:/home/gerald/.m2/repository/org/aesh/readline/2.2.0.redhat-00001/readline-2.2.0.redhat-00001.jar:/home/gerald/.m2/repository/org/fusesource/jansi/jansi/1.18/jansi-1.18.jar:/home/gerald/.m2/repository/org/aesh/aesh/2.6.0.redhat-00001/aesh-2.6.0.redhat-00001.jar:/home/gerald/.m2/repository/org/apache/commons/commons-lang3/3.12.0.redhat-00001/commons-lang3-3.12.0.redhat-00001.jar:/home/gerald/.m2/repository/io/quarkus/gizmo/gizmo/1.1.1.Final-redhat-00001/gizmo-1.1.1.Final-redhat-00001.jar:/home/gerald/.m2/repository/org/ow2/asm/asm-util/9.3.0.redhat-00001/asm-util-9.3.0.redhat-00001.jar:/home/gerald/.m2/repository/io/quarkus/quarkus-class-change-agent/2.13.7.Final-redhat-00003/quarkus-class-change-agent-2.13.7.Final-redhat-00003.jar:/home/gerald/.m2/repository/io/quarkus/quarkus-devtools-utilities/2.13.7.Final-redhat-00003/quarkus-devtools-utilities-2.13.7.Final-redhat-00003.jar:/home/gerald/.m2/repository/io/quarkus/quarkus-builder/2.13.7.Final-redhat-00003/quarkus-builder-2.13.7.Final-redhat-00003.jar:/home/gerald/.m2/repository/org/junit/platform/junit-platform-launcher/1.9.1/junit-platform-launcher-1.9.1.jar:/home/gerald/.m2/repository/io/quarkus/quarkus-bootstrap-maven-resolver/2.13.7.Final-redhat-00003/quarkus-bootstrap-maven-resolver-2.13.7.Final-redhat-00003.jar:/home/gerald/.m2/repository/org/apache/maven/maven-embedder/3.8.6/maven-embedder-3.8.6.jar:/home/gerald/.m2/repository/org/apache/maven/maven-settings/3.8.6/maven-settings-3.8.6.jar:/home/gerald/.m2/repository/org/apache/maven/maven-core/3.8.6/maven-core-3.8.6.jar:/home/gerald/.m2/repository/org/apache/maven/maven-artifact/3.8.6/maven-artifact-3.8.6.jar:/home/gerald/.m2/repository/org/codehaus/plexus/plexus-component-annotations/2.1.0/plexus-component-annotations-2.1.0.jar:/home/gerald/.m2/repository/org/apache/maven/maven-plugin-api/3.8.6/maven-plugin-api-3.8.6.jar:/home/gerald/.m2/repository/org/apache/maven/maven-model/3.8.6/maven-model-3.8.6.jar:/home/gerald/.m2/repository/org/apache/maven/maven-model-builder/3.8.6/maven-model-builder-3.8.6.jar:/home/gerald/.m2/repository/org/apache/maven/maven-builder-support/3.8.6/maven-builder-support-3.8.6.jar:/home/gerald/.m2/repository/org/apache/maven/resolver/maven-resolver-api/1.6.3/maven-resolver-api-1.6.3.jar:/home/gerald/.m2/repository/org/apache/maven/resolver/maven-resolver-util/1.6.3/maven-resolver-util-1.6.3.jar:/home/gerald/.m2/repository/org/apache/maven/shared/maven-shared-utils/3.3.4/maven-shared-utils-3.3.4.jar:/home/gerald/.m2/repository/commons-io/commons-io/2.11.0.redhat-00001/commons-io-2.11.0.redhat-00001.jar:/home/gerald/.m2/repository/com/google/inject/guice/4.2.2/guice-4.2.2-no_aop.jar:/home/gerald/.m2/repository/com/google/guava/guava/31.1.0.jre-redhat-00003/guava-31.1.0.jre-redhat-00003.jar:/home/gerald/.m2/repository/com/google/guava/failureaccess/1.0.1.redhat-00003/failureaccess-1.0.1.redhat-00003.jar:/home/gerald/.m2/repository/org/codehaus/plexus/plexus-classworlds/2.6.0/plexus-classworlds-2.6.0.jar:/home/gerald/.m2/repository/org/codehaus/plexus/plexus-sec-dispatcher/2.0/plexus-sec-dispatcher-2.0.jar:/home/gerald/.m2/repository/org/codehaus/plexus/plexus-cipher/2.0/plexus-cipher-2.0.jar:/home/gerald/.m2/repository/commons-cli/commons-cli/1.4/commons-cli-1.4.jar:/home/gerald/.m2/repository/org/eclipse/sisu/org.eclipse.sisu.plexus/0.3.5/org.eclipse.sisu.plexus-0.3.5.jar:/home/gerald/.m2/repository/org/apache/maven/maven-settings-builder/3.8.6/maven-settings-builder-3.8.6.jar:/home/gerald/.m2/repository/org/codehaus/plexus/plexus-interpolation/1.26/plexus-interpolation-1.26.jar:/home/gerald/.m2/repository/org/apache/maven/maven-resolver-provider/3.8.6/maven-resolver-provider-3.8.6.jar:/home/gerald/.m2/repository/org/apache/maven/maven-repository-metadata/3.8.6/maven-repository-metadata-3.8.6.jar:/home/gerald/.m2/repository/org/apache/maven/resolver/maven-resolver-spi/1.6.3/maven-resolver-spi-1.6.3.jar:/home/gerald/.m2/repository/org/apache/maven/resolver/maven-resolver-impl/1.6.3/maven-resolver-impl-1.6.3.jar:/home/gerald/.m2/repository/org/codehaus/plexus/plexus-utils/3.3.0.redhat-00001/plexus-utils-3.3.0.redhat-00001.jar:/home/gerald/.m2/repository/org/apache/maven/resolver/maven-resolver-connector-basic/1.6.3/maven-resolver-connector-basic-1.6.3.jar:/home/gerald/.m2/repository/org/apache/maven/resolver/maven-resolver-transport-wagon/1.6.3/maven-resolver-transport-wagon-1.6.3.jar:/home/gerald/.m2/repository/org/apache/maven/wagon/wagon-http/3.5.1/wagon-http-3.5.1.jar:/home/gerald/.m2/repository/org/apache/maven/wagon/wagon-http-shared/3.5.1/wagon-http-shared-3.5.1.jar:/home/gerald/.m2/repository/org/apache/maven/wagon/wagon-provider-api/3.5.1/wagon-provider-api-3.5.1.jar:/home/gerald/.m2/repository/org/apache/maven/wagon/wagon-file/3.5.1/wagon-file-3.5.1.jar:/home/gerald/.m2/repository/io/quarkus/quarkus-bootstrap-gradle-resolver/2.13.7.Final/quarkus-bootstrap-gradle-resolver-2.13.7.Final.jar:/home/gerald/.m2/repository/org/jboss/jandex/2.4.3.Final-redhat-00001/jandex-2.4.3.Final-redhat-00001.jar:/home/gerald/.m2/repository/org/jboss/logging/commons-logging-jboss-logging/1.0.0.Final-redhat-1/commons-logging-jboss-logging-1.0.0.Final-redhat-1.jar:/home/gerald/.m2/repository/io/quarkus/quarkus-junit5-properties/2.13.7.Final/quarkus-junit5-properties-2.13.7.Final.jar:/home/gerald/.m2/repository/org/junit/jupiter/junit-jupiter/5.9.1/junit-jupiter-5.9.1.jar:/home/gerald/.m2/repository/org/junit/jupiter/junit-jupiter-api/5.9.1/junit-jupiter-api-5.9.1.jar:/home/gerald/.m2/repository/org/opentest4j/opentest4j/1.2.0/opentest4j-1.2.0.jar:/home/gerald/.m2/repository/org/junit/platform/junit-platform-commons/1.9.1/junit-platform-commons-1.9.1.jar:/home/gerald/.m2/repository/org/apiguardian/apiguardian-api/1.1.2/apiguardian-api-1.1.2.jar:/home/gerald/.m2/repository/org/junit/jupiter/junit-jupiter-params/5.9.1/junit-jupiter-params-5.9.1.jar:/home/gerald/.m2/repository/org/junit/jupiter/junit-jupiter-engine/5.9.1/junit-jupiter-engine-5.9.1.jar:/home/gerald/.m2/repository/org/junit/platform/junit-platform-engine/1.9.1/junit-platform-engine-1.9.1.jar:/home/gerald/.m2/repository/com/thoughtworks/xstream/xstream/1.4.20.redhat-00001/xstream-1.4.20.redhat-00001.jar:/home/gerald/.m2/repository/io/github/x-stream/mxparser/1.2.2/mxparser-1.2.2.jar:/home/gerald/.m2/repository/xmlpull/xmlpull/1.1.3.1/xmlpull-1.1.3.1.jar:/home/gerald/.m2/repository/org/assertj/assertj-core/3.21.0/assertj-core-3.21.0.jar:/home/gerald/.m2/repository/io/quarkus/quarkus-jacoco/2.13.7.Final-redhat-00003/quarkus-jacoco-2.13.7.Final-redhat-00003.jar:/home/gerald/.m2/repository/org/jacoco/org.jacoco.core/0.8.8/org.jacoco.core-0.8.8.jar:/home/gerald/.m2/repository/org/ow2/asm/asm/9.3.0.redhat-00001/asm-9.3.0.redhat-00001.jar:/home/gerald/.m2/repository/org/ow2/asm/asm-tree/9.3.0.redhat-00001/asm-tree-9.3.0.redhat-00001.jar:/home/gerald/.m2/repository/org/jacoco/org.jacoco.report/0.8.8/org.jacoco.report-0.8.8.jar:/home/gerald/.m2/repository/org/jacoco/org.jacoco.agent/0.8.8/org.jacoco.agent-0.8.8.jar:/home/gerald/.m2/repository/org/jacoco/org.jacoco.agent/0.8.8/org.jacoco.agent-0.8.8-runtime.jar:/home/gerald/.m2/repository/org/ow2/asm/asm-commons/9.3.0.redhat-00001/asm-commons-9.3.0.redhat-00001.jar:/home/gerald/.m2/repository/org/ow2/asm/asm-analysis/9.3.0.redhat-00001/asm-analysis-9.3.0.redhat-00001.jar:"/>
    <property name="sun.cpu.endian" value="little"/>
    <property name="user.home" value="/home/gerald"/>
    <property name="user.language" value="en"/>
    <property name="jboss.log-version" value="false"/>
    <property name="java.specification.vendor" value="Oracle Corporation"/>
    <property name="io.netty.allocator.maxOrder" value="3"/>
    <property name="java.version.date" value="2023-04-18"/>
    <property name="java.home" value="/usr/lib/jvm/java-17-openjdk-amd64"/>
    <property name="file.separator" value="/"/>
    <property name="basedir" value="/home/gerald/Desktop/Arquetypes/baseservice-rest-databese-crud"/>
    <property name="java.vm.compressedOopsMode" value="Zero based"/>
    <property name="line.separator" value="&#10;"/>
    <property name="java.specification.name" value="Java Platform API Specification"/>
    <property name="java.vm.specification.vendor" value="Oracle Corporation"/>
    <property name="surefire.real.class.path" value="/home/gerald/Desktop/Arquetypes/baseservice-rest-databese-crud/target/surefire/surefirebooter-20230731122510759_3.jar"/>
    <property name="sun.management.compiler" value="HotSpot 64-Bit Tiered Compilers"/>
    <property name="java.runtime.version" value="17.0.7+7-Ubuntu-0ubuntu122.04.2"/>
    <property name="user.name" value="gerald"/>
    <property name="path.separator" value=":"/>
    <property name="os.version" value="5.19.0-50-generic"/>
    <property name="java.runtime.name" value="OpenJDK Runtime Environment"/>
    <property name="file.encoding" value="UTF-8"/>
    <property name="java.vm.name" value="OpenJDK 64-Bit Server VM"/>
    <property name="localRepository" value="/home/gerald/.m2/repository"/>
    <property name="java.vendor.url.bug" value="Unknown"/>
    <property name="java.io.tmpdir" value="/tmp"/>
    <property name="quarkus.log.file.path" value="target/quarkus.log"/>
    <property name="java.version" value="17.0.7"/>
    <property name="java.util.concurrent.ForkJoinPool.common.threadFactory" value="io.quarkus.bootstrap.forkjoin.QuarkusForkJoinWorkerThreadFactory"/>
    <property name="user.dir" value="/home/gerald/Desktop/Arquetypes/baseservice-rest-databese-crud"/>
    <property name="os.arch" value="amd64"/>
    <property name="hibernate.bytecode.provider" value="none"/>
    <property name="java.vm.specification.name" value="Java Virtual Machine Specification"/>
    <property name="vertx.disableDnsResolver" value="true"/>
    <property name="native.encoding" value="UTF-8"/>
    <property name="java.util.logging.manager" value="org.jboss.logmanager.LogManager"/>
    <property name="java.library.path" value="/usr/java/packages/lib:/usr/lib/x86_64-linux-gnu/jni:/lib/x86_64-linux-gnu:/usr/lib/x86_64-linux-gnu:/usr/lib/jni:/lib:/usr/lib"/>
    <property name="java.vm.info" value="mixed mode, sharing"/>
    <property name="java.vendor" value="Private Build"/>
    <property name="vertx.disableTCCL" value="true"/>
    <property name="java.vm.version" value="17.0.7+7-Ubuntu-0ubuntu122.04.2"/>
    <property name="sun.io.unicode.encoding" value="UnicodeLittle"/>
    <property name="io.netty.machineId" value="83:fe:d9:a9:c5:ad:94:ea"/>
    <property name="java.class.version" value="61.0"/>
    <property name="jacoco-agent.destfile" value="/home/gerald/Desktop/Arquetypes/baseservice-rest-databese-crud/target/jacoco-quarkus.exec"/>
  </properties>
  <testcase name="testObeteneUsuario" classname="com.mx.banorte.services.JuntiTestUsuario" time="0.241">
    <system-out><![CDATA[25:12:14 INFO  [io.qu.ar.pr.BeanProcessor] (build-34) Found unrecommended usage of private members (use package-private instead) in application beans:
	- @Inject field com.mx.banorte.services.route.ApiClientRoutes#credencials,
	- @Inject field com.mx.banorte.services.route.UsuarioCrudRoutes#delete,
	- @Inject field com.mx.banorte.services.route.UsuarioCrudRoutes#query
	- and 1 more - please enable debug logging to see the full list
25:12:17 INFO  [or.ap.ca.qu.co.CamelBootstrapRecorder] (main) Bootstrap runtime: org.apache.camel.quarkus.main.CamelMainRuntime
25:12:17 INFO  [or.ap.ca.ma.MainSupport] (main) Apache Camel (Main) 3.18.3.redhat-00024 is starting
25:12:17 INFO  [or.ap.ca.co.jp.JpaComponent] (main) Using EntityManagerFactory found in registry with id [null] org.hibernate.internal.SessionFactoryImpl@156324b
25:12:17 INFO  [or.ap.ca.co.jp.JpaComponent] (main) Using TransactionManager configured on this component: org.springframework.transaction.jta.JtaTransactionManager@38a38ed4
25:12:17 INFO  [or.ap.ca.im.en.AbstractCamelContext] (main) Apache Camel 3.18.3.redhat-00024 (camel-1) is starting
25:12:18 INFO  [or.ap.ca.im.en.AbstractCamelContext] (main) Routes startup (started:14)
25:12:18 INFO  [or.ap.ca.im.en.AbstractCamelContext] (main)     Started callService (direct://llamada)
25:12:18 INFO  [or.ap.ca.im.en.AbstractCamelContext] (main)     Started route1 (rest://get:/extension:llamar)
25:12:18 INFO  [or.ap.ca.im.en.AbstractCamelContext] (main)     Started getUserPerRoute (direct://getUser)
25:12:18 INFO  [or.ap.ca.im.en.AbstractCamelContext] (main)     Started crearUsuario (direct://crearUsuario)
25:12:18 INFO  [or.ap.ca.im.en.AbstractCamelContext] (main)     Started updateUsuario (direct://updateUsuario)
25:12:18 INFO  [or.ap.ca.im.en.AbstractCamelContext] (main)     Started route2 (direct://deleteUsuario)
25:12:18 INFO  [or.ap.ca.im.en.AbstractCamelContext] (main)     Started route3 (rest://get:/usuario:obtener)
25:12:18 INFO  [or.ap.ca.im.en.AbstractCamelContext] (main)     Started route4 (rest://put:/usuario:create)
25:12:18 INFO  [or.ap.ca.im.en.AbstractCamelContext] (main)     Started route5 (rest://put:/usuario:update)
25:12:18 INFO  [or.ap.ca.im.en.AbstractCamelContext] (main)     Started route6 (rest://delete:/usuario:/%7Bid%7D)
25:12:18 INFO  [or.ap.ca.im.en.AbstractCamelContext] (main)     Started getUserPerfil (direct://getUserProfile)
25:12:18 INFO  [or.ap.ca.im.en.AbstractCamelContext] (main)     Started createUserPerfil (direct://createPerfil)
25:12:18 INFO  [or.ap.ca.im.en.AbstractCamelContext] (main)     Started route7 (rest://get:/perfil:perfiles)
25:12:18 INFO  [or.ap.ca.im.en.AbstractCamelContext] (main)     Started route8 (rest://put:/perfil:perfiles/create)
25:12:18 INFO  [or.ap.ca.im.en.AbstractCamelContext] (main) Apache Camel 3.18.3.redhat-00024 (camel-1) started in 309ms (build:0ms init:164ms start:145ms)
25:12:18 INFO  [io.quarkus] (main) baseservice-rest-databese-crud 1.0.0-SNAPSHOT on JVM (powered by Quarkus 2.13.7.Final-redhat-00003) started in 5.511s. Listening on: http://localhost:8081
25:12:18 INFO  [io.quarkus] (main) Profile test activated. 
25:12:18 INFO  [io.quarkus] (main) Installed features: [agroal, camel-attachments, camel-bean, camel-core, camel-direct, camel-http, camel-jackson, camel-jdbc, camel-jpa, camel-log, camel-mock, camel-platform-http, camel-rest, cdi, hibernate-orm, jacoco, jdbc-h2, jdbc-postgresql, narayana-jta, smallrye-context-propagation, vertx]
25:12:18 INFO  [getUserPerRoute] (main) Obteniendo Usuarios mediante query ...
25:12:18 INFO  [getUserPerRoute] (main) Obteniendo Usuarios mediante query ...
]]></system-out>
  </testcase>
  <testcase name="testActualizarUsuario" classname="com.mx.banorte.services.JuntiTestUsuario" time="0.068">
    <system-out><![CDATA[25:12:18 INFO  [actualizarUsuario] (main) Actualizando el usuario: com.mx.banorte.services.vo.Usuario@4552f905
]]></system-out>
  </testcase>
  <testcase name="testMyRoute" classname="com.mx.banorte.services.JuntiTestUsuario" time="0.021">
    <system-out><![CDATA[25:12:18 INFO  [or.ap.ca.im.en.AbstractCamelContext] (main) Stopped crearUsuario (direct://crearUsuario)
25:12:18 INFO  [or.ap.ca.im.en.AbstractCamelContext] (main) Shutdown crearUsuario (direct://crearUsuario)
25:12:18 INFO  [crearUsuario] (main) Creando un usuario nuevo: com.mx.banorte.services.vo.Usuario@5831989d
]]></system-out>
  </testcase>
</testsuite>